2024-12-01 12:09:49,215 [INFO] Activator:176 - 


2024-12-01 12:09:49,220 [INFO] Activator:177 - !SESSION log4j initialized
2024-12-01 12:09:52,169 [INFO] LogOutputStream:77 - [STDOUT_REDIRECT] 
2024-12-01 12:09:54,229 [INFO] ApplicationProperties:184 - Using Application install path: C:\ST\STM32CubeIDE_1.16.1\STM32CubeIDE\plugins\com.st.stm32cube.common.mx_6.12.1.202409122256
2024-12-01 12:09:54,250 [INFO] DbMcusXml:78 - Set database path to: C:\ST\STM32CubeIDE_1.16.1\STM32CubeIDE\plugins\com.st.stm32cube.common.mx_6.12.1.202409122256\\db\/mcu/
2024-12-01 12:09:54,250 [INFO] ApiDb:274 - Set plugin database path to: C:\ST\STM32CubeIDE_1.16.1\STM32CubeIDE\plugins\com.st.stm32cube.common.mx_6.12.1.202409122256\\db\/plugins/boardmanager/
2024-12-01 12:09:54,253 [WARN] ApiDb:259 - Overriding images path with different value:  => C:\ST\STM32CubeIDE_1.16.1\STM32CubeIDE\plugins\com.st.stm32cube.common.mx_6.12.1.202409122256\\db\/plugins/mcufinder/images/
2024-12-01 12:09:54,261 [INFO] ApiDb:250 - Set database path to: C:\Users\Sebastian\.stmcufinder\plugins\mcufinder//mcu/
2024-12-01 12:09:54,263 [INFO] DbMcusAds:125 - Set database path to: C:\Users\Sebastian\.stmcufinder\plugins\mcufinder//mcu/
2024-12-01 12:09:54,266 [INFO] CrossReferenceDbSqlite:203 - Set database path to: C:\Users\Sebastian\.stmcufinder\plugins\mcufinder//mcu/cs/
2024-12-01 12:09:54,403 [INFO] RulesReader:64 - Compatibility file has been processed (297 Rules)
2024-12-01 12:09:54,493 [INFO] DbMcusXml:78 - Set database path to: C:\ST\STM32CubeIDE_1.16.1\STM32CubeIDE\plugins\com.st.stm32cube.common.mx_6.12.1.202409122256\\db\/mcu/
2024-12-01 12:09:54,493 [INFO] ApiDb:274 - Set plugin database path to: C:\ST\STM32CubeIDE_1.16.1\STM32CubeIDE\plugins\com.st.stm32cube.common.mx_6.12.1.202409122256\\db\/plugins/boardmanager/
2024-12-01 12:09:54,494 [INFO] ApiDb:261 - Set plugin images path to: C:\ST\STM32CubeIDE_1.16.1\STM32CubeIDE\plugins\com.st.stm32cube.common.mx_6.12.1.202409122256\\db\/plugins/mcufinder/images/
2024-12-01 12:09:54,494 [WARN] DbFile:41 - Overriding database path with different value: C:\Users\Sebastian\.stmcufinder\plugins\mcufinder/ => C:\Users\Sebastian\.stmcufinder\plugins\mcufinder
2024-12-01 12:09:54,494 [INFO] ApiDb:250 - Set database path to: C:\Users\Sebastian\.stmcufinder\plugins\mcufinder//mcu/
2024-12-01 12:09:54,494 [WARN] DbFile:41 - Overriding database path with different value: C:\Users\Sebastian\.stmcufinder\plugins\mcufinder/ => C:\Users\Sebastian\.stmcufinder\plugins\mcufinder
2024-12-01 12:09:54,494 [INFO] DbMcusAds:125 - Set database path to: C:\Users\Sebastian\.stmcufinder\plugins\mcufinder//mcu/
2024-12-01 12:09:54,495 [WARN] DbFile:41 - Overriding database path with different value: C:\Users\Sebastian\.stmcufinder\plugins\mcufinder/ => C:\Users\Sebastian\.stmcufinder\plugins\mcufinder
2024-12-01 12:09:54,495 [WARN] DbFile:41 - Overriding database path with different value: C:\Users\Sebastian\.stmcufinder\plugins\mcufinder/ => C:\Users\Sebastian\.stmcufinder\plugins\mcufinder
2024-12-01 12:09:54,495 [INFO] CrossReferenceDbSqlite:203 - Set database path to: C:\Users\Sebastian\.stmcufinder\plugins\mcufinder//mcu/cs/
2024-12-01 12:09:54,576 [INFO] MainPanel:268 - HeapMemory: 268435456
2024-12-01 12:09:54,666 [INFO] DbMcusXml:78 - Set database path to: C:\ST\STM32CubeIDE_1.16.1\STM32CubeIDE\plugins\com.st.stm32cube.common.mx_6.12.1.202409122256\\db\/mcu/
2024-12-01 12:09:54,666 [INFO] ApiDb:274 - Set plugin database path to: C:\ST\STM32CubeIDE_1.16.1\STM32CubeIDE\plugins\com.st.stm32cube.common.mx_6.12.1.202409122256\\db\/plugins/boardmanager/
2024-12-01 12:09:54,667 [INFO] ApiDb:261 - Set plugin images path to: C:\ST\STM32CubeIDE_1.16.1\STM32CubeIDE\plugins\com.st.stm32cube.common.mx_6.12.1.202409122256\\db\/plugins/mcufinder/images/
2024-12-01 12:09:54,667 [WARN] DbFile:41 - Overriding database path with different value: C:\Users\Sebastian\.stmcufinder\plugins\mcufinder/ => C:\Users\Sebastian\.stmcufinder\plugins\mcufinder
2024-12-01 12:09:54,667 [INFO] ApiDb:250 - Set database path to: C:\Users\Sebastian\.stmcufinder\plugins\mcufinder//mcu/
2024-12-01 12:09:54,667 [WARN] DbFile:41 - Overriding database path with different value: C:\Users\Sebastian\.stmcufinder\plugins\mcufinder/ => C:\Users\Sebastian\.stmcufinder\plugins\mcufinder
2024-12-01 12:09:54,667 [INFO] DbMcusAds:125 - Set database path to: C:\Users\Sebastian\.stmcufinder\plugins\mcufinder//mcu/
2024-12-01 12:09:54,667 [WARN] DbFile:41 - Overriding database path with different value: C:\Users\Sebastian\.stmcufinder\plugins\mcufinder/ => C:\Users\Sebastian\.stmcufinder\plugins\mcufinder
2024-12-01 12:09:54,667 [WARN] DbFile:41 - Overriding database path with different value: C:\Users\Sebastian\.stmcufinder\plugins\mcufinder/ => C:\Users\Sebastian\.stmcufinder\plugins\mcufinder
2024-12-01 12:09:54,667 [INFO] CrossReferenceDbSqlite:203 - Set database path to: C:\Users\Sebastian\.stmcufinder\plugins\mcufinder//mcu/cs/
2024-12-01 12:09:54,691 [INFO] ApplicationProperties:184 - Using Application install path: C:\ST\STM32CubeIDE_1.16.1\STM32CubeIDE\plugins\com.st.stm32cube.common.mx_6.12.1.202409122256
2024-12-01 12:09:54,693 [INFO] PluginManage:196 - Search for loadable plugins [exclusion list=, ]
2024-12-01 12:09:54,696 [INFO] PluginManage:310 - Check plugin analytics
2024-12-01 12:09:54,912 [INFO] AnalyticsPlugin:253 - Accepted Software Licenses: 
2024-12-01 12:09:54,912 [INFO] AnalyticsPlugin:255 - Accepted CMSIS Pack Licenses: 
2024-12-01 12:09:54,913 [INFO] AnalyticsPlugin:257 - Accepted Firmware Licenses: FW.L4.1.18.0
2024-12-01 12:09:54,916 [INFO] PluginManage:359 - Loaded plugin analytics (category:tool,tabindex:-1)
2024-12-01 12:09:54,916 [INFO] PluginManage:310 - Check plugin cadmodel
2024-12-01 12:09:54,922 [INFO] CADModel:105 - Init CAD model plugin
2024-12-01 12:09:54,922 [INFO] PluginManage:359 - Loaded plugin cadmodel (category:power,tabindex:5)
2024-12-01 12:09:54,922 [INFO] PluginManage:310 - Check plugin clock
2024-12-01 12:09:54,932 [INFO] PluginManage:359 - Loaded plugin clock (category:base,tabindex:2)
2024-12-01 12:09:54,933 [INFO] PluginManage:310 - Check plugin ddr
2024-12-01 12:09:54,935 [INFO] PluginManage:359 - Loaded plugin ddr (category:tool,tabindex:6)
2024-12-01 12:09:54,935 [INFO] PluginManage:310 - Check plugin filemanager
2024-12-01 12:09:55,095 [INFO] PluginManage:359 - Loaded plugin filemanager (category:base,tabindex:10)
2024-12-01 12:09:55,095 [INFO] PluginManage:310 - Check plugin ipmanager
2024-12-01 12:09:55,104 [INFO] PluginManage:359 - Loaded plugin ipmanager (category:base,tabindex:5)
2024-12-01 12:09:55,105 [INFO] PluginManage:310 - Check plugin lpbam
2024-12-01 12:09:55,115 [INFO] PluginManage:359 - Loaded plugin lpbam (category:base,tabindex:0)
2024-12-01 12:09:55,116 [INFO] PluginManage:310 - Check plugin memorymap
2024-12-01 12:09:55,128 [INFO] PluginManage:359 - Loaded plugin memorymap (category:base,tabindex:4)
2024-12-01 12:09:55,128 [INFO] PluginManage:310 - Check plugin pinoutandconfiguration
2024-12-01 12:09:55,136 [INFO] PluginManage:359 - Loaded plugin pinoutandconfiguration (category:base,tabindex:1)
2024-12-01 12:09:55,137 [INFO] PluginManage:310 - Check plugin pinoutconfig
2024-12-01 12:09:55,317 [WARN] SupportedApi:132 - Cannot load RTOS API schema: s4s-elt-must-match.1: The content of 'definitions' must match (annotation?, (simpleType | complexType)?, (unique | key | keyref)*)). A problem was found starting at: attribute.
2024-12-01 12:09:55,481 [INFO] PluginManage:359 - Loaded plugin pinoutconfig (category:base,tabindex:0)
2024-12-01 12:09:55,482 [INFO] PluginManage:310 - Check plugin power
2024-12-01 12:09:55,489 [INFO] PluginManage:359 - Loaded plugin power (category:power,tabindex:4)
2024-12-01 12:09:55,490 [INFO] PluginManage:310 - Check plugin projectmanager
2024-12-01 12:09:55,510 [INFO] PluginManage:359 - Loaded plugin projectmanager (category:projectmanager,tabindex:4)
2024-12-01 12:09:55,510 [INFO] PluginManage:310 - Check plugin rif
2024-12-01 12:09:55,517 [INFO] PluginManage:359 - Loaded plugin rif (category:base,tabindex:3)
2024-12-01 12:09:55,517 [INFO] PluginManage:310 - Check plugin thirdparty
2024-12-01 12:09:55,686 [INFO] PluginManage:359 - Loaded plugin thirdparty (category:base,tabindex:-1)
2024-12-01 12:09:55,686 [INFO] PluginManage:310 - Check plugin tools
2024-12-01 12:09:55,686 [WARN] IntegrityCheckThread:84 - waiting for thirdparty lock release [integrity check]
2024-12-01 12:09:55,687 [INFO] IntegrityCheckThread:86 - entering critical section [integrity check]
2024-12-01 12:09:55,687 [INFO] ThirdPartyUpdaterWithRetryManager:70 - Updater plugin not ready yet. [1/15]
2024-12-01 12:09:55,689 [INFO] PluginManage:359 - Loaded plugin tools (category:base,tabindex:7)
2024-12-01 12:09:55,690 [INFO] PluginManage:310 - Check plugin tutovideos
2024-12-01 12:09:55,865 [INFO] PluginManage:359 - Loaded plugin tutovideos (category:base,tabindex:-1)
2024-12-01 12:09:55,865 [INFO] PluginManage:310 - Check plugin updater
2024-12-01 12:09:55,883 [INFO] PluginManage:359 - Loaded plugin updater (category:base,tabindex:12)
2024-12-01 12:09:55,883 [INFO] PluginManage:310 - Check plugin userauth
2024-12-01 12:09:55,890 [INFO] UserAuth:113 - Init User Auth plugin
2024-12-01 12:09:55,890 [INFO] PluginManage:359 - Loaded plugin userauth (category:base,tabindex:14)
2024-12-01 12:09:55,890 [INFO] PluginManage:283 - PluginManage : Loaded plugins [18]
2024-12-01 12:09:56,132 [INFO] PinOutPanel:1561 - setPackage(No Configuration,No Configuration)
2024-12-01 12:09:56,248 [INFO] CADModel:165 - CPN selected for project level
2024-12-01 12:09:56,248 [INFO] CADModel:114 - Register for checkConnection events
2024-12-01 12:09:56,271 [INFO] IPUIPlugin:80 - create IPUIPlugin
2024-12-01 12:09:56,271 [INFO] PluginManager:220 - loadIPPluginJar : add adc
2024-12-01 12:09:56,274 [INFO] IPUIPlugin:80 - create IPUIPlugin
2024-12-01 12:09:56,274 [INFO] PluginManager:220 - loadIPPluginJar : add aes
2024-12-01 12:09:56,276 [INFO] IPUIPlugin:80 - create IPUIPlugin
2024-12-01 12:09:56,277 [INFO] PluginManager:220 - loadIPPluginJar : add can
2024-12-01 12:09:56,278 [INFO] IPUIPlugin:80 - create IPUIPlugin
2024-12-01 12:09:56,278 [INFO] PluginManager:220 - loadIPPluginJar : add comp
2024-12-01 12:09:56,281 [INFO] IPUIPlugin:80 - create IPUIPlugin
2024-12-01 12:09:56,281 [INFO] PluginManager:220 - loadIPPluginJar : add cryp
2024-12-01 12:09:56,285 [INFO] IPUIPlugin:80 - create IPUIPlugin
2024-12-01 12:09:56,285 [INFO] PluginManager:220 - loadIPPluginJar : add ddr_ctrl_phy
2024-12-01 12:09:56,288 [INFO] IPUIPlugin:80 - create IPUIPlugin
2024-12-01 12:09:56,288 [INFO] PluginManager:220 - loadIPPluginJar : add dfsdm
2024-12-01 12:09:56,295 [INFO] IPUIPlugin:80 - create IPUIPlugin
2024-12-01 12:09:56,296 [INFO] PluginManager:220 - loadIPPluginJar : add dma
2024-12-01 12:09:56,299 [INFO] IPUIPlugin:80 - create IPUIPlugin
2024-12-01 12:09:56,299 [INFO] PluginManager:220 - loadIPPluginJar : add dma3
2024-12-01 12:09:56,303 [INFO] IPUIPlugin:80 - create IPUIPlugin
2024-12-01 12:09:56,304 [INFO] PluginManager:220 - loadIPPluginJar : add extmemmanager
2024-12-01 12:09:56,305 [INFO] IPUIPlugin:80 - create IPUIPlugin
2024-12-01 12:09:56,305 [INFO] PluginManager:220 - loadIPPluginJar : add fatfs
2024-12-01 12:09:56,310 [INFO] IPUIPlugin:80 - create IPUIPlugin
2024-12-01 12:09:56,310 [INFO] PluginManager:220 - loadIPPluginJar : add fmc
2024-12-01 12:09:56,316 [INFO] IPUIPlugin:80 - create IPUIPlugin
2024-12-01 12:09:56,317 [INFO] PluginManager:220 - loadIPPluginJar : add freertos
2024-12-01 12:09:56,319 [INFO] IPUIPlugin:80 - create IPUIPlugin
2024-12-01 12:09:56,319 [INFO] PluginManager:220 - loadIPPluginJar : add genericplugin
2024-12-01 12:09:56,321 [INFO] IPUIPlugin:80 - create IPUIPlugin
2024-12-01 12:09:56,321 [INFO] PluginManager:220 - loadIPPluginJar : add gfxmmu
2024-12-01 12:09:56,326 [INFO] IPUIPlugin:80 - create IPUIPlugin
2024-12-01 12:09:56,326 [INFO] PluginManager:220 - loadIPPluginJar : add gic
2024-12-01 12:09:56,331 [INFO] IPUIPlugin:80 - create IPUIPlugin
2024-12-01 12:09:56,332 [INFO] PluginManager:220 - loadIPPluginJar : add gpio
2024-12-01 12:09:56,335 [INFO] IPUIPlugin:80 - create IPUIPlugin
2024-12-01 12:09:56,335 [INFO] PluginManager:220 - loadIPPluginJar : add gtzc
2024-12-01 12:09:56,338 [INFO] IPUIPlugin:80 - create IPUIPlugin
2024-12-01 12:09:56,338 [INFO] PluginManager:220 - loadIPPluginJar : add hash
2024-12-01 12:09:56,341 [INFO] IPUIPlugin:80 - create IPUIPlugin
2024-12-01 12:09:56,341 [INFO] PluginManager:220 - loadIPPluginJar : add i2c
2024-12-01 12:09:56,344 [INFO] IPUIPlugin:80 - create IPUIPlugin
2024-12-01 12:09:56,344 [INFO] PluginManager:220 - loadIPPluginJar : add i2s
2024-12-01 12:09:56,348 [INFO] IPUIPlugin:80 - create IPUIPlugin
2024-12-01 12:09:56,348 [INFO] PluginManager:220 - loadIPPluginJar : add i3c
2024-12-01 12:09:56,352 [INFO] IPUIPlugin:80 - create IPUIPlugin
2024-12-01 12:09:56,353 [INFO] PluginManager:220 - loadIPPluginJar : add ipddr
2024-12-01 12:09:56,361 [INFO] IPUIPlugin:80 - create IPUIPlugin
2024-12-01 12:09:56,362 [INFO] PluginManager:220 - loadIPPluginJar : add linkedlist
2024-12-01 12:09:56,365 [INFO] IPUIPlugin:80 - create IPUIPlugin
2024-12-01 12:09:56,365 [INFO] PluginManager:220 - loadIPPluginJar : add lorawan
2024-12-01 12:09:56,367 [INFO] IPUIPlugin:80 - create IPUIPlugin
2024-12-01 12:09:56,367 [INFO] PluginManager:220 - loadIPPluginJar : add ltdc
2024-12-01 12:09:56,372 [INFO] IPUIPlugin:80 - create IPUIPlugin
2024-12-01 12:09:56,373 [INFO] PluginManager:220 - loadIPPluginJar : add mdma
2024-12-01 12:09:56,376 [INFO] IPUIPlugin:80 - create IPUIPlugin
2024-12-01 12:09:56,377 [INFO] PluginManager:220 - loadIPPluginJar : add nvic
2024-12-01 12:09:56,379 [INFO] IPUIPlugin:80 - create IPUIPlugin
2024-12-01 12:09:56,380 [INFO] PluginManager:220 - loadIPPluginJar : add opamp
2024-12-01 12:09:56,384 [INFO] IPUIPlugin:80 - create IPUIPlugin
2024-12-01 12:09:56,384 [INFO] PluginManager:220 - loadIPPluginJar : add openamp
2024-12-01 12:09:56,388 [INFO] IPUIPlugin:80 - create IPUIPlugin
2024-12-01 12:09:56,388 [INFO] PluginManager:220 - loadIPPluginJar : add pdm2pcm
2024-12-01 12:09:56,394 [INFO] IPUIPlugin:80 - create IPUIPlugin
2024-12-01 12:09:56,396 [INFO] PluginManager:220 - loadIPPluginJar : add plateformsettings
2024-12-01 12:09:56,399 [INFO] IPUIPlugin:80 - create IPUIPlugin
2024-12-01 12:09:56,399 [INFO] PluginManager:220 - loadIPPluginJar : add quadspi
2024-12-01 12:09:56,402 [INFO] IPUIPlugin:80 - create IPUIPlugin
2024-12-01 12:09:56,403 [INFO] PluginManager:220 - loadIPPluginJar : add radio
2024-12-01 12:09:56,407 [INFO] IPUIPlugin:80 - create IPUIPlugin
2024-12-01 12:09:56,408 [INFO] PluginManager:220 - loadIPPluginJar : add resmgrutility
2024-12-01 12:09:56,411 [INFO] IPUIPlugin:80 - create IPUIPlugin
2024-12-01 12:09:56,411 [INFO] PluginManager:220 - loadIPPluginJar : add sai
2024-12-01 12:09:56,413 [INFO] IPUIPlugin:80 - create IPUIPlugin
2024-12-01 12:09:56,413 [INFO] PluginManager:220 - loadIPPluginJar : add spi
2024-12-01 12:09:56,420 [INFO] IPUIPlugin:80 - create IPUIPlugin
2024-12-01 12:09:56,420 [INFO] PluginManager:220 - loadIPPluginJar : add stm32_wpan
2024-12-01 12:09:56,424 [INFO] IPUIPlugin:80 - create IPUIPlugin
2024-12-01 12:09:56,425 [INFO] PluginManager:220 - loadIPPluginJar : add tim
2024-12-01 12:09:56,428 [INFO] IPUIPlugin:80 - create IPUIPlugin
2024-12-01 12:09:56,428 [INFO] PluginManager:220 - loadIPPluginJar : add touchsensing
2024-12-01 12:09:56,430 [INFO] IPUIPlugin:80 - create IPUIPlugin
2024-12-01 12:09:56,431 [INFO] PluginManager:220 - loadIPPluginJar : add tracer_emb
2024-12-01 12:09:56,433 [INFO] IPUIPlugin:80 - create IPUIPlugin
2024-12-01 12:09:56,434 [INFO] PluginManager:220 - loadIPPluginJar : add ts
2024-12-01 12:09:56,436 [INFO] IPUIPlugin:80 - create IPUIPlugin
2024-12-01 12:09:56,436 [INFO] PluginManager:220 - loadIPPluginJar : add tsc
2024-12-01 12:09:56,438 [INFO] IPUIPlugin:80 - create IPUIPlugin
2024-12-01 12:09:56,439 [INFO] PluginManager:220 - loadIPPluginJar : add ucpd
2024-12-01 12:09:56,441 [INFO] IPUIPlugin:80 - create IPUIPlugin
2024-12-01 12:09:56,442 [INFO] PluginManager:220 - loadIPPluginJar : add usart
2024-12-01 12:09:56,444 [INFO] IPUIPlugin:80 - create IPUIPlugin
2024-12-01 12:09:56,445 [INFO] PluginManager:220 - loadIPPluginJar : add usbx
2024-12-01 12:09:56,598 [INFO] CADModel:165 - CPN selected for project level
2024-12-01 12:09:56,598 [INFO] CADModel:114 - Register for checkConnection events
2024-12-01 12:09:56,598 [FATAL] Updater:334 - Updater called before beeing initialized
2024-12-01 12:09:56,599 [ERROR] CADModel:125 - Updater not yet initialized, retry later 
2024-12-01 12:09:56,777 [INFO] CADModel:165 - CPN selected for project level
2024-12-01 12:09:56,777 [INFO] CADModel:114 - Register for checkConnection events
2024-12-01 12:09:56,777 [FATAL] Updater:334 - Updater called before beeing initialized
2024-12-01 12:09:56,777 [ERROR] CADModel:125 - Updater not yet initialized, retry later 
2024-12-01 12:09:56,781 [FATAL] Updater:334 - Updater called before beeing initialized
2024-12-01 12:09:56,900 [FATAL] Updater:334 - Updater called before beeing initialized
2024-12-01 12:09:56,905 [INFO] DbMcusAds:53 - JSON generation date=Fri Sep 20 15:04:23 CEST 2024 (1726837463121)
2024-12-01 12:09:56,905 [FATAL] Updater:334 - Updater called before beeing initialized
2024-12-01 12:09:56,956 [WARN] DetailPanel:346 - Failed to get advertising image, set to default
2024-12-01 12:09:57,047 [FATAL] Updater:334 - Updater called before beeing initialized
2024-12-01 12:09:57,050 [FATAL] Updater:334 - Updater called before beeing initialized
2024-12-01 12:09:57,050 [FATAL] Updater:334 - Updater called before beeing initialized
2024-12-01 12:09:57,050 [WARN] DetailPanel:346 - Failed to get advertising image, set to default
2024-12-01 12:09:57,052 [FATAL] Updater:334 - Updater called before beeing initialized
2024-12-01 12:09:57,109 [ERROR] Updater:1164 - MainUpdater not yet initialized. External WinMGr cannot be set.
2024-12-01 12:09:57,111 [INFO] Updater:1100 - Updater Version found : 6.12.1
2024-12-01 12:09:57,131 [INFO] ApplicationProperties:184 - Using Application install path: C:\ST\STM32CubeIDE_1.16.1\STM32CubeIDE\plugins\com.st.stm32cube.common.mx_6.12.1.202409122256
2024-12-01 12:09:57,425 [INFO] MainUpdater:2873 - connection check result : 10
2024-12-01 12:09:57,426 [INFO] MainUpdater:290 - Updater Check For Update Now.
2024-12-01 12:09:57,426 [INFO] MicroXplorer:498 - Change Database Version : DB.6.0.121
2024-12-01 12:09:57,435 [INFO] McuFinderGlobals:63 - Set McuFinder mode to 2 (CubeIDE integrated)
2024-12-01 12:09:57,436 [INFO] UserAuth:417 - Internet connection configuration mode: 1
2024-12-01 12:09:57,453 [INFO] JxBrowserEngine:152 - Initiate JxBrowser Engine with user profile folder
2024-12-01 12:09:57,624 [INFO] CheckServerUpdateThread:120 - End of CheckServer Thread
2024-12-01 12:09:58,252 [INFO] WebApp:167 - Instantiating new browser for Auth
2024-12-01 12:09:58,959 [WARN] PackLoader:240 - Cannot read IP mode file for STMicroelectronics.FP-SNS-MOTENVWB1.1.4.0
2024-12-01 12:09:58,970 [WARN] PackLoader:240 - Cannot read IP mode file for STMicroelectronics.FP-ATR-ASTRA1.2.0.1
2024-12-01 12:09:58,989 [WARN] PackLoader:240 - Cannot read IP mode file for STMicroelectronics.X-CUBE-SMBUS.2.1.0
2024-12-01 12:09:59,001 [WARN] PackLoader:240 - Cannot read IP mode file for STMicroelectronics.X-CUBE-WB05N.1.1.0
2024-12-01 12:09:59,045 [WARN] PackLoader:240 - Cannot read IP mode file for STMicroelectronics.X-CUBE-AZRTOS-F7.1.1.0
2024-12-01 12:09:59,141 [WARN] PackLoader:240 - Cannot read IP mode file for STMicroelectronics.X-CUBE-MEMS1.11.0.0
2024-12-01 12:09:59,421 [WARN] PackLoader:240 - Cannot read IP mode file for STMicroelectronics.FP-SNS-FLIGHT1.5.0.2
2024-12-01 12:09:59,430 [WARN] PackLoader:240 - Cannot read IP mode file for STMicroelectronics.X-CUBE-DISPLAY.3.0.0
2024-12-01 12:09:59,442 [WARN] PackLoader:240 - Cannot read IP mode file for STMicroelectronics.X-CUBE-BLE1.7.0.0
2024-12-01 12:09:59,451 [WARN] PackLoader:240 - Cannot read IP mode file for STMicroelectronics.X-CUBE-NFC10.1.0.0
2024-12-01 12:09:59,462 [WARN] PackLoader:240 - Cannot read IP mode file for emotas.I-CUBE-CANOPEN.1.3.0
2024-12-01 12:09:59,475 [WARN] PackLoader:240 - Cannot read IP mode file for STMicroelectronics.X-CUBE-BLEMGR.3.1.0
2024-12-01 12:09:59,485 [WARN] PackLoader:240 - Cannot read IP mode file for STMicroelectronics.FP-SNS-SMARTAG2.1.2.0
2024-12-01 12:09:59,497 [INFO] LogOutputStream:77 - [STDOUT_REDIRECT] 1 : Invalid condition id : UX_CORESTACK_Condition cause : null
2024-12-01 12:09:59,498 [INFO] LogOutputStream:77 - [STDOUT_REDIRECT] 1 : Invalid condition id : UX_CORESTACK_Condition cause : null
2024-12-01 12:09:59,499 [INFO] LogOutputStream:77 - [STDOUT_REDIRECT] 1 : Invalid condition id : UX_CORESTACK_Condition cause : null
2024-12-01 12:09:59,501 [INFO] LogOutputStream:77 - [STDOUT_REDIRECT] 1 : Invalid condition id : UX_CORESTACK_Condition cause : null
2024-12-01 12:09:59,502 [INFO] LogOutputStream:77 - [STDOUT_REDIRECT] 1 : Invalid condition id : UX_CORESTACK_Condition cause : null
2024-12-01 12:09:59,506 [WARN] PackLoader:240 - Cannot read IP mode file for STMicroelectronics.X-CUBE-AZRTOS-WL.2.0.0
2024-12-01 12:09:59,514 [WARN] PackLoader:240 - Cannot read IP mode file for STMicroelectronics.FP-SNS-MOTENV1.5.0.0
2024-12-01 12:09:59,521 [WARN] PackLoader:240 - Cannot read IP mode file for wolfSSL.I-CUBE-wolfMQTT.1.19.0
2024-12-01 12:09:59,531 [WARN] PackLoader:240 - Cannot read IP mode file for WES.I-CUBE-Cesium.1.3.0
2024-12-01 12:09:59,539 [WARN] PackLoader:240 - Cannot read IP mode file for STMicroelectronics.X-CUBE-BLE2.3.3.0
2024-12-01 12:09:59,548 [WARN] PackLoader:240 - Cannot read IP mode file for STMicroelectronics.X-CUBE-NFC9.1.0.0
2024-12-01 12:09:59,557 [WARN] PackLoader:240 - Cannot read IP mode file for STMicroelectronics.X-CUBE-TCPP.4.1.0
2024-12-01 12:09:59,583 [WARN] PackLoader:240 - Cannot read IP mode file for STMicroelectronics.X-CUBE-AZRTOS-G0.1.1.0
2024-12-01 12:09:59,593 [WARN] PackLoader:240 - Cannot read IP mode file for STMicroelectronics.X-CUBE-SAFEA1.1.2.2
2024-12-01 12:09:59,601 [WARN] PackLoader:240 - Cannot read IP mode file for STMicroelectronics.X-CUBE-NFC4.3.0.0
2024-12-01 12:09:59,620 [WARN] PackLoader:240 - Cannot read IP mode file for EmbeddedOffice.I-CUBE-FS-RTOS.1.0.1
2024-12-01 12:09:59,621 [ERROR] ConditionMgr:805 - Attr not supported : Dmpu
2024-12-01 12:09:59,621 [ERROR] ConditionMgr:805 - Attr not supported : Dmpu
2024-12-01 12:09:59,621 [ERROR] ConditionMgr:805 - Attr not supported : Dmpu
2024-12-01 12:09:59,621 [ERROR] ConditionMgr:805 - Attr not supported : Dmpu
2024-12-01 12:09:59,621 [ERROR] ConditionMgr:805 - Attr not supported : Dmpu
2024-12-01 12:09:59,621 [ERROR] ConditionMgr:805 - Attr not supported : Dmpu
2024-12-01 12:09:59,621 [ERROR] ConditionMgr:805 - Attr not supported : Dmpu
2024-12-01 12:09:59,622 [ERROR] ConditionMgr:805 - Attr not supported : Dmpu
2024-12-01 12:09:59,622 [ERROR] ConditionMgr:805 - Attr not supported : Dmpu
2024-12-01 12:09:59,622 [ERROR] ConditionMgr:805 - Attr not supported : Dmpu
2024-12-01 12:09:59,622 [ERROR] ConditionMgr:805 - Attr not supported : Dmpu
2024-12-01 12:09:59,622 [ERROR] ConditionMgr:805 - Attr not supported : Dmpu
2024-12-01 12:09:59,622 [ERROR] ConditionMgr:805 - Attr not supported : Dmpu
2024-12-01 12:09:59,622 [ERROR] ConditionMgr:805 - Attr not supported : Dmpu
2024-12-01 12:09:59,622 [ERROR] ConditionMgr:805 - Attr not supported : Dmpu
2024-12-01 12:09:59,622 [ERROR] ConditionMgr:805 - Attr not supported : Dmpu
2024-12-01 12:09:59,622 [ERROR] ConditionMgr:805 - Attr not supported : Dmpu
2024-12-01 12:09:59,622 [ERROR] ConditionMgr:805 - Attr not supported : Dmpu
2024-12-01 12:09:59,623 [ERROR] ConditionMgr:805 - Attr not supported : Dmpu
2024-12-01 12:09:59,623 [ERROR] ConditionMgr:805 - Attr not supported : Dmpu
2024-12-01 12:09:59,623 [ERROR] ConditionMgr:805 - Attr not supported : Dmpu
2024-12-01 12:09:59,623 [ERROR] ConditionMgr:805 - Attr not supported : Dmpu
2024-12-01 12:09:59,623 [ERROR] ConditionMgr:805 - Attr not supported : Dmpu
2024-12-01 12:09:59,623 [ERROR] ConditionMgr:805 - Attr not supported : Dmpu
2024-12-01 12:09:59,623 [ERROR] ConditionMgr:805 - Attr not supported : Dmpu
2024-12-01 12:09:59,623 [ERROR] ConditionMgr:805 - Attr not supported : Dmpu
2024-12-01 12:09:59,623 [ERROR] ConditionMgr:805 - Attr not supported : Dmpu
2024-12-01 12:09:59,623 [ERROR] ConditionMgr:805 - Attr not supported : Dmpu
2024-12-01 12:09:59,623 [ERROR] ConditionMgr:805 - Attr not supported : Dmpu
2024-12-01 12:09:59,624 [ERROR] ConditionMgr:805 - Attr not supported : Dmpu
2024-12-01 12:09:59,624 [ERROR] ConditionMgr:805 - Attr not supported : Dmpu
2024-12-01 12:09:59,624 [ERROR] ConditionMgr:805 - Attr not supported : Dmpu
2024-12-01 12:09:59,624 [ERROR] ConditionMgr:805 - Attr not supported : Dmpu
2024-12-01 12:09:59,624 [ERROR] ConditionMgr:805 - Attr not supported : Dmpu
2024-12-01 12:09:59,624 [ERROR] ConditionMgr:805 - Attr not supported : Dmpu
2024-12-01 12:09:59,624 [ERROR] ConditionMgr:805 - Attr not supported : Dmpu
2024-12-01 12:09:59,624 [ERROR] ConditionMgr:805 - Attr not supported : Dmpu
2024-12-01 12:09:59,624 [ERROR] ConditionMgr:805 - Attr not supported : Dmpu
2024-12-01 12:09:59,624 [ERROR] ConditionMgr:805 - Attr not supported : Dmpu
2024-12-01 12:09:59,625 [ERROR] ConditionMgr:805 - Attr not supported : Dmpu
2024-12-01 12:09:59,625 [ERROR] ConditionMgr:805 - Attr not supported : Dmpu
2024-12-01 12:09:59,625 [ERROR] ConditionMgr:805 - Attr not supported : Dmpu
2024-12-01 12:09:59,625 [ERROR] ConditionMgr:805 - Attr not supported : Dmpu
2024-12-01 12:09:59,625 [ERROR] ConditionMgr:805 - Attr not supported : Dmpu
2024-12-01 12:09:59,625 [ERROR] ConditionMgr:805 - Attr not supported : Dmpu
2024-12-01 12:09:59,625 [ERROR] ConditionMgr:805 - Attr not supported : Dmpu
2024-12-01 12:09:59,625 [ERROR] ConditionMgr:805 - Attr not supported : Dmpu
2024-12-01 12:09:59,625 [ERROR] ConditionMgr:805 - Attr not supported : Dmpu
2024-12-01 12:09:59,625 [ERROR] ConditionMgr:805 - Attr not supported : Dmpu
2024-12-01 12:09:59,625 [ERROR] ConditionMgr:805 - Attr not supported : Dmpu
2024-12-01 12:09:59,625 [ERROR] ConditionMgr:805 - Attr not supported : Dmpu
2024-12-01 12:09:59,626 [ERROR] ConditionMgr:805 - Attr not supported : Dmpu
2024-12-01 12:09:59,626 [ERROR] ConditionMgr:805 - Attr not supported : Dmpu
2024-12-01 12:09:59,626 [ERROR] ConditionMgr:805 - Attr not supported : Dmpu
2024-12-01 12:09:59,626 [ERROR] ConditionMgr:805 - Attr not supported : Dmpu
2024-12-01 12:09:59,626 [ERROR] ConditionMgr:805 - Attr not supported : Dmpu
2024-12-01 12:09:59,626 [ERROR] ConditionMgr:805 - Attr not supported : Dmpu
2024-12-01 12:09:59,626 [ERROR] ConditionMgr:805 - Attr not supported : Dmpu
2024-12-01 12:09:59,626 [ERROR] ConditionMgr:805 - Attr not supported : Dmpu
2024-12-01 12:09:59,626 [ERROR] ConditionMgr:805 - Attr not supported : Dmpu
2024-12-01 12:09:59,626 [ERROR] ConditionMgr:805 - Attr not supported : Dmpu
2024-12-01 12:09:59,626 [ERROR] ConditionMgr:805 - Attr not supported : Dmpu
2024-12-01 12:09:59,626 [ERROR] ConditionMgr:805 - Attr not supported : Dmpu
2024-12-01 12:09:59,626 [ERROR] ConditionMgr:805 - Attr not supported : Dmpu
2024-12-01 12:09:59,633 [WARN] PackLoader:240 - Cannot read IP mode file for RealThread.X-CUBE-RT-Thread_Nano.4.1.1
2024-12-01 12:09:59,638 [WARN] PackLoader:240 - Cannot read IP mode file for STMicroelectronics.FP-ATR-SIGFOX1.3.2.0
2024-12-01 12:09:59,645 [WARN] PackLoader:240 - Cannot read IP mode file for wolfSSL.I-CUBE-wolfSSL.5.7.2
2024-12-01 12:09:59,649 [INFO] WebApp:448 - Apply proxy settings
2024-12-01 12:09:59,650 [INFO] WebApp:533 - Chromium requires no authentication
2024-12-01 12:09:59,651 [WARN] ConditionMgr:438 - getConditionDescription Invalid condition id : Cortex-A Device cause : null
2024-12-01 12:09:59,661 [INFO] WebApp:476 - Direct internet connection detected
2024-12-01 12:09:59,683 [WARN] ConditionMgr:1039 - genDependencies : Invalid condition id : Cortex-A Device cause : null
2024-12-01 12:09:59,683 [WARN] ConditionMgr:1039 - genDependencies : Invalid condition id : Cortex-A Device cause : null
2024-12-01 12:09:59,683 [WARN] ConditionMgr:1039 - genDependencies : Invalid condition id : Cortex-A Device cause : null
2024-12-01 12:09:59,691 [WARN] PackLoader:240 - Cannot read IP mode file for STMicroelectronics.X-CUBE-EEPRMA1.5.1.0
2024-12-01 12:09:59,701 [WARN] PackLoader:240 - Cannot read IP mode file for ITTIA_DB.I-CUBE-ITTIADB.8.9.0
2024-12-01 12:09:59,707 [INFO] WebApp:869 - Register for checkConnection events
2024-12-01 12:09:59,707 [INFO] WebApp:448 - Apply proxy settings
2024-12-01 12:09:59,707 [INFO] WebApp:533 - Chromium requires no authentication
2024-12-01 12:09:59,709 [INFO] WebApp:476 - Direct internet connection detected
2024-12-01 12:09:59,738 [WARN] PackLoader:240 - Cannot read IP mode file for SEGGER.I-CUBE-embOS.1.3.1
2024-12-01 12:09:59,813 [WARN] PackLoader:240 - Cannot read IP mode file for STMicroelectronics.X-CUBE-ALGOBUILD.1.4.0
2024-12-01 12:09:59,818 [WARN] PackLoader:240 - Cannot read IP mode file for STMicroelectronics.X-CUBE-AI.9.1.0
2024-12-01 12:09:59,839 [WARN] PackLoader:240 - Cannot read IP mode file for STMicroelectronics.X-CUBE-AZRTOS-F4.1.1.0
2024-12-01 12:09:59,847 [WARN] PackLoader:240 - Cannot read IP mode file for STMicroelectronics.X-CUBE-ISPU.2.1.0
2024-12-01 12:09:59,853 [WARN] PackLoader:240 - Cannot read IP mode file for STMicroelectronics.X-CUBE-FREERTOS.1.2.0
2024-12-01 12:09:59,874 [WARN] PackLoader:240 - Cannot read IP mode file for STMicroelectronics.X-CUBE-AZRTOS-L5.2.0.0
2024-12-01 12:09:59,886 [WARN] PackLoader:240 - Cannot read IP mode file for STMicroelectronics.X-CUBE-NFC6.3.1.0
2024-12-01 12:09:59,894 [WARN] PackLoader:240 - Cannot read IP mode file for STMicroelectronics.X-CUBE-DPower.1.2.0
2024-12-01 12:09:59,901 [WARN] PackLoader:240 - Cannot read IP mode file for STMicroelectronics.X-CUBE-NFC7.1.0.1
2024-12-01 12:09:59,925 [WARN] ConditionMgr:438 - getConditionDescription Invalid condition id : LAN8742 Phy interface Condition cause : null
2024-12-01 12:09:59,925 [WARN] PackLoader:240 - Cannot read IP mode file for STMicroelectronics.X-CUBE-AZRTOS-L4.2.0.0
2024-12-01 12:09:59,927 [WARN] ConditionMgr:1039 - genDependencies : Invalid condition id : LAN8742 Phy interface Condition cause : null
2024-12-01 12:09:59,927 [WARN] ConditionMgr:1039 - genDependencies : Invalid condition id : LAN8742 Phy interface Condition cause : null
2024-12-01 12:09:59,928 [WARN] ConditionMgr:1039 - genDependencies : Invalid condition id : LAN8742 Phy interface Condition cause : null
2024-12-01 12:09:59,937 [WARN] PackLoader:240 - Cannot read IP mode file for STMicroelectronics.X-CUBE-SFXS2LP1.4.0.0
2024-12-01 12:09:59,966 [WARN] PackLoader:240 - Cannot read IP mode file for STMicroelectronics.X-CUBE-AZRTOS-H7.3.3.0
2024-12-01 12:09:59,983 [WARN] PackLoader:240 - Cannot read IP mode file for STMicroelectronics.X-CUBE-IPS.3.0.0
2024-12-01 12:09:59,993 [INFO] WebApp:220 - Starting web application
2024-12-01 12:09:59,993 [INFO] WebApp:578 - Web application path used C:\ST\STM32CubeIDE_1.16.1\STM32CubeIDE\plugins\com.st.stm32cube.common.mx_6.12.1.202409122256\db\plugins\mcufinder\reactClient1\index.html
2024-12-01 12:10:00,003 [WARN] ConditionMgr:438 - getConditionDescription Invalid condition id : UX DEVICE CLASS RTOS Condition cause : null
2024-12-01 12:10:00,004 [WARN] ConditionMgr:438 - getConditionDescription Invalid condition id : UX DEVICE CLASS RTOS Condition cause : null
2024-12-01 12:10:00,007 [WARN] PackLoader:240 - Cannot read IP mode file for STMicroelectronics.X-CUBE-AZRTOS-WB.2.0.0
2024-12-01 12:10:00,008 [WARN] ConditionMgr:1039 - genDependencies : Invalid condition id : UX DEVICE CLASS RTOS Condition cause : null
2024-12-01 12:10:00,008 [WARN] ConditionMgr:1039 - genDependencies : Invalid condition id : UX DEVICE CLASS RTOS Condition cause : null
2024-12-01 12:10:00,009 [WARN] ConditionMgr:1039 - genDependencies : Invalid condition id : UX DEVICE CLASS RTOS Condition cause : null
2024-12-01 12:10:00,010 [WARN] ConditionMgr:1039 - genDependencies : Invalid condition id : UX DEVICE CLASS RTOS Condition cause : null
2024-12-01 12:10:00,010 [WARN] ConditionMgr:1039 - genDependencies : Invalid condition id : UX DEVICE CLASS RTOS Condition cause : null
2024-12-01 12:10:00,018 [WARN] PackLoader:240 - Cannot read IP mode file for STMicroelectronics.X-CUBE-GNSS1.7.0.0
2024-12-01 12:10:00,028 [WARN] PackLoader:240 - Cannot read IP mode file for STMicroelectronics.FP-SNS-STBOX1.2.0.0
2024-12-01 12:10:00,042 [WARN] PackLoader:240 - Cannot read IP mode file for STMicroelectronics.X-CUBE-SUBG2.5.0.0
2024-12-01 12:10:00,053 [WARN] PackLoader:240 - Cannot read IP mode file for Cesanta.I-CUBE-Mongoose.7.13.0
2024-12-01 12:10:00,070 [WARN] PackLoader:240 - Cannot read IP mode file for STMicroelectronics.X-CUBE-AZRTOS-G4.2.0.0
2024-12-01 12:10:00,078 [WARN] PackLoader:240 - Cannot read IP mode file for STMicroelectronics.X-CUBE-ALS.1.0.2
2024-12-01 12:10:00,084 [WARN] PackLoader:240 - Cannot read IP mode file for STMicroelectronics.X-CUBE-TOUCHGFX.4.24.1
2024-12-01 12:10:00,088 [WARN] PackLoader:240 - Cannot read IP mode file for wolfSSL.I-CUBE-wolfTPM.3.4.0
2024-12-01 12:10:00,096 [WARN] PackLoader:240 - Cannot read IP mode file for portGmbH.I-Cube-SoM-uGOAL.1.1.0
2024-12-01 12:10:00,117 [WARN] PackLoader:240 - Cannot read IP mode file for STMicroelectronics.X-CUBE-AZRTOS-H7RS.1.0.0
2024-12-01 12:10:00,124 [WARN] PackLoader:240 - Cannot read IP mode file for STMicroelectronics.FP-ATR-ASTRA1.2.0.0
2024-12-01 12:10:00,138 [WARN] PackLoader:240 - Cannot read IP mode file for STMicroelectronics.X-CUBE-TOF1.3.4.2
2024-12-01 12:10:00,150 [INFO] UserAuth:417 - Internet connection configuration mode: 1
2024-12-01 12:10:00,184 [WARN] PackLoader:240 - Cannot read IP mode file for Infineon.AIROC-Wi-Fi-Bluetooth-STM32.1.6.1
2024-12-01 12:10:00,195 [WARN] PackLoader:240 - Cannot read IP mode file for wolfSSL.I-CUBE-wolfSSH.1.4.17
2024-12-01 12:10:00,197 [INFO] ThirdParty:978 - Integrity check success = true
2024-12-01 12:10:00,197 [INFO] IntegrityCheckThread:100 - exiting critical section [integrity check]
2024-12-01 12:10:00,197 [INFO] IntegrityCheckThread:103 - End integrity checks thread
2024-12-01 12:10:00,574 [INFO] WebApp:186 - Connection restablished
