2025-01-20 00:11:41,793 [INFO] Activator:176 - 


2025-01-20 00:11:41,808 [INFO] Activator:177 - !SESSION log4j initialized
2025-01-20 00:11:48,878 [INFO] LogOutputStream:77 - [STDOUT_REDIRECT] 
2025-01-20 00:11:54,095 [INFO] ApplicationProperties:184 - Using Application install path: C:\ST\STM32CubeIDE_1.16.1\STM32CubeIDE\plugins\com.st.stm32cube.common.mx_6.12.1.202409122256
2025-01-20 00:11:54,143 [INFO] DbMcusXml:78 - Set database path to: C:\ST\STM32CubeIDE_1.16.1\STM32CubeIDE\plugins\com.st.stm32cube.common.mx_6.12.1.202409122256\\db\/mcu/
2025-01-20 00:11:54,144 [INFO] ApiDb:274 - Set plugin database path to: C:\ST\STM32CubeIDE_1.16.1\STM32CubeIDE\plugins\com.st.stm32cube.common.mx_6.12.1.202409122256\\db\/plugins/boardmanager/
2025-01-20 00:11:54,145 [WARN] ApiDb:259 - Overriding images path with different value:  => C:\ST\STM32CubeIDE_1.16.1\STM32CubeIDE\plugins\com.st.stm32cube.common.mx_6.12.1.202409122256\\db\/plugins/mcufinder/images/
2025-01-20 00:11:54,168 [INFO] ApiDb:250 - Set database path to: C:\Users\Sebastian\.stmcufinder\plugins\mcufinder//mcu/
2025-01-20 00:11:54,172 [INFO] DbMcusAds:125 - Set database path to: C:\Users\Sebastian\.stmcufinder\plugins\mcufinder//mcu/
2025-01-20 00:11:54,179 [INFO] CrossReferenceDbSqlite:203 - Set database path to: C:\Users\Sebastian\.stmcufinder\plugins\mcufinder//mcu/cs/
2025-01-20 00:11:54,505 [INFO] RulesReader:64 - Compatibility file has been processed (297 Rules)
2025-01-20 00:11:54,802 [INFO] DbMcusXml:78 - Set database path to: C:\ST\STM32CubeIDE_1.16.1\STM32CubeIDE\plugins\com.st.stm32cube.common.mx_6.12.1.202409122256\\db\/mcu/
2025-01-20 00:11:54,802 [INFO] ApiDb:274 - Set plugin database path to: C:\ST\STM32CubeIDE_1.16.1\STM32CubeIDE\plugins\com.st.stm32cube.common.mx_6.12.1.202409122256\\db\/plugins/boardmanager/
2025-01-20 00:11:54,803 [INFO] ApiDb:261 - Set plugin images path to: C:\ST\STM32CubeIDE_1.16.1\STM32CubeIDE\plugins\com.st.stm32cube.common.mx_6.12.1.202409122256\\db\/plugins/mcufinder/images/
2025-01-20 00:11:54,803 [WARN] DbFile:41 - Overriding database path with different value: C:\Users\Sebastian\.stmcufinder\plugins\mcufinder/ => C:\Users\Sebastian\.stmcufinder\plugins\mcufinder
2025-01-20 00:11:54,803 [INFO] ApiDb:250 - Set database path to: C:\Users\Sebastian\.stmcufinder\plugins\mcufinder//mcu/
2025-01-20 00:11:54,804 [WARN] DbFile:41 - Overriding database path with different value: C:\Users\Sebastian\.stmcufinder\plugins\mcufinder/ => C:\Users\Sebastian\.stmcufinder\plugins\mcufinder
2025-01-20 00:11:54,804 [INFO] DbMcusAds:125 - Set database path to: C:\Users\Sebastian\.stmcufinder\plugins\mcufinder//mcu/
2025-01-20 00:11:54,804 [WARN] DbFile:41 - Overriding database path with different value: C:\Users\Sebastian\.stmcufinder\plugins\mcufinder/ => C:\Users\Sebastian\.stmcufinder\plugins\mcufinder
2025-01-20 00:11:54,804 [WARN] DbFile:41 - Overriding database path with different value: C:\Users\Sebastian\.stmcufinder\plugins\mcufinder/ => C:\Users\Sebastian\.stmcufinder\plugins\mcufinder
2025-01-20 00:11:54,804 [INFO] CrossReferenceDbSqlite:203 - Set database path to: C:\Users\Sebastian\.stmcufinder\plugins\mcufinder//mcu/cs/
2025-01-20 00:11:54,993 [INFO] MainPanel:268 - HeapMemory: 268435456
2025-01-20 00:11:55,314 [INFO] DbMcusXml:78 - Set database path to: C:\ST\STM32CubeIDE_1.16.1\STM32CubeIDE\plugins\com.st.stm32cube.common.mx_6.12.1.202409122256\\db\/mcu/
2025-01-20 00:11:55,314 [INFO] ApiDb:274 - Set plugin database path to: C:\ST\STM32CubeIDE_1.16.1\STM32CubeIDE\plugins\com.st.stm32cube.common.mx_6.12.1.202409122256\\db\/plugins/boardmanager/
2025-01-20 00:11:55,316 [INFO] ApiDb:261 - Set plugin images path to: C:\ST\STM32CubeIDE_1.16.1\STM32CubeIDE\plugins\com.st.stm32cube.common.mx_6.12.1.202409122256\\db\/plugins/mcufinder/images/
2025-01-20 00:11:55,316 [WARN] DbFile:41 - Overriding database path with different value: C:\Users\Sebastian\.stmcufinder\plugins\mcufinder/ => C:\Users\Sebastian\.stmcufinder\plugins\mcufinder
2025-01-20 00:11:55,318 [INFO] ApiDb:250 - Set database path to: C:\Users\Sebastian\.stmcufinder\plugins\mcufinder//mcu/
2025-01-20 00:11:55,318 [WARN] DbFile:41 - Overriding database path with different value: C:\Users\Sebastian\.stmcufinder\plugins\mcufinder/ => C:\Users\Sebastian\.stmcufinder\plugins\mcufinder
2025-01-20 00:11:55,318 [INFO] DbMcusAds:125 - Set database path to: C:\Users\Sebastian\.stmcufinder\plugins\mcufinder//mcu/
2025-01-20 00:11:55,318 [WARN] DbFile:41 - Overriding database path with different value: C:\Users\Sebastian\.stmcufinder\plugins\mcufinder/ => C:\Users\Sebastian\.stmcufinder\plugins\mcufinder
2025-01-20 00:11:55,318 [WARN] DbFile:41 - Overriding database path with different value: C:\Users\Sebastian\.stmcufinder\plugins\mcufinder/ => C:\Users\Sebastian\.stmcufinder\plugins\mcufinder
2025-01-20 00:11:55,318 [INFO] CrossReferenceDbSqlite:203 - Set database path to: C:\Users\Sebastian\.stmcufinder\plugins\mcufinder//mcu/cs/
2025-01-20 00:11:55,379 [INFO] ApplicationProperties:184 - Using Application install path: C:\ST\STM32CubeIDE_1.16.1\STM32CubeIDE\plugins\com.st.stm32cube.common.mx_6.12.1.202409122256
2025-01-20 00:11:55,384 [INFO] PluginManage:196 - Search for loadable plugins [exclusion list=, ]
2025-01-20 00:11:55,389 [INFO] PluginManage:310 - Check plugin analytics
2025-01-20 00:11:55,964 [INFO] AnalyticsPlugin:253 - Accepted Software Licenses: 
2025-01-20 00:11:55,965 [INFO] AnalyticsPlugin:255 - Accepted CMSIS Pack Licenses: 
2025-01-20 00:11:55,966 [INFO] AnalyticsPlugin:257 - Accepted Firmware Licenses: FW.L4.1.18.0
2025-01-20 00:11:55,980 [INFO] PluginManage:359 - Loaded plugin analytics (category:tool,tabindex:-1)
2025-01-20 00:11:55,981 [INFO] PluginManage:310 - Check plugin cadmodel
2025-01-20 00:11:55,996 [INFO] CADModel:105 - Init CAD model plugin
2025-01-20 00:11:55,997 [INFO] PluginManage:359 - Loaded plugin cadmodel (category:power,tabindex:5)
2025-01-20 00:11:55,998 [INFO] PluginManage:310 - Check plugin clock
2025-01-20 00:11:56,032 [INFO] PluginManage:359 - Loaded plugin clock (category:base,tabindex:2)
2025-01-20 00:11:56,033 [INFO] PluginManage:310 - Check plugin ddr
2025-01-20 00:11:56,041 [INFO] PluginManage:359 - Loaded plugin ddr (category:tool,tabindex:6)
2025-01-20 00:11:56,043 [INFO] PluginManage:310 - Check plugin filemanager
2025-01-20 00:11:56,541 [INFO] PluginManage:359 - Loaded plugin filemanager (category:base,tabindex:10)
2025-01-20 00:11:56,542 [INFO] PluginManage:310 - Check plugin ipmanager
2025-01-20 00:11:56,567 [INFO] PluginManage:359 - Loaded plugin ipmanager (category:base,tabindex:5)
2025-01-20 00:11:56,567 [INFO] PluginManage:310 - Check plugin lpbam
2025-01-20 00:11:56,618 [INFO] PluginManage:359 - Loaded plugin lpbam (category:base,tabindex:0)
2025-01-20 00:11:56,618 [INFO] PluginManage:310 - Check plugin memorymap
2025-01-20 00:11:56,667 [INFO] PluginManage:359 - Loaded plugin memorymap (category:base,tabindex:4)
2025-01-20 00:11:56,667 [INFO] PluginManage:310 - Check plugin pinoutandconfiguration
2025-01-20 00:11:56,690 [INFO] PluginManage:359 - Loaded plugin pinoutandconfiguration (category:base,tabindex:1)
2025-01-20 00:11:56,690 [INFO] PluginManage:310 - Check plugin pinoutconfig
2025-01-20 00:11:56,983 [WARN] SupportedApi:132 - Cannot load RTOS API schema: s4s-elt-must-match.1: The content of 'definitions' must match (annotation?, (simpleType | complexType)?, (unique | key | keyref)*)). A problem was found starting at: attribute.
2025-01-20 00:11:57,467 [INFO] PluginManage:359 - Loaded plugin pinoutconfig (category:base,tabindex:0)
2025-01-20 00:11:57,467 [INFO] PluginManage:310 - Check plugin power
2025-01-20 00:11:57,502 [INFO] PluginManage:359 - Loaded plugin power (category:power,tabindex:4)
2025-01-20 00:11:57,502 [INFO] PluginManage:310 - Check plugin projectmanager
2025-01-20 00:11:57,549 [INFO] PluginManage:359 - Loaded plugin projectmanager (category:projectmanager,tabindex:4)
2025-01-20 00:11:57,550 [INFO] PluginManage:310 - Check plugin rif
2025-01-20 00:11:57,576 [INFO] PluginManage:359 - Loaded plugin rif (category:base,tabindex:3)
2025-01-20 00:11:57,577 [INFO] PluginManage:310 - Check plugin thirdparty
2025-01-20 00:11:57,948 [INFO] PluginManage:359 - Loaded plugin thirdparty (category:base,tabindex:-1)
2025-01-20 00:11:57,948 [WARN] IntegrityCheckThread:84 - waiting for thirdparty lock release [integrity check]
2025-01-20 00:11:57,949 [INFO] PluginManage:310 - Check plugin tools
2025-01-20 00:11:57,949 [INFO] IntegrityCheckThread:86 - entering critical section [integrity check]
2025-01-20 00:11:57,951 [INFO] ThirdPartyUpdaterWithRetryManager:70 - Updater plugin not ready yet. [1/15]
2025-01-20 00:11:57,955 [INFO] PluginManage:359 - Loaded plugin tools (category:base,tabindex:7)
2025-01-20 00:11:57,956 [INFO] PluginManage:310 - Check plugin tutovideos
2025-01-20 00:11:58,543 [INFO] PluginManage:359 - Loaded plugin tutovideos (category:base,tabindex:-1)
2025-01-20 00:11:58,543 [INFO] PluginManage:310 - Check plugin updater
2025-01-20 00:11:58,608 [INFO] PluginManage:359 - Loaded plugin updater (category:base,tabindex:12)
2025-01-20 00:11:58,608 [INFO] PluginManage:310 - Check plugin userauth
2025-01-20 00:11:58,621 [INFO] UserAuth:113 - Init User Auth plugin
2025-01-20 00:11:58,622 [INFO] PluginManage:359 - Loaded plugin userauth (category:base,tabindex:14)
2025-01-20 00:11:58,624 [INFO] PluginManage:283 - PluginManage : Loaded plugins [18]
2025-01-20 00:11:59,265 [INFO] PinOutPanel:1561 - setPackage(No Configuration,No Configuration)
2025-01-20 00:11:59,516 [INFO] CADModel:165 - CPN selected for project level
2025-01-20 00:11:59,518 [INFO] CADModel:114 - Register for checkConnection events
2025-01-20 00:11:59,561 [INFO] IPUIPlugin:80 - create IPUIPlugin
2025-01-20 00:11:59,562 [INFO] PluginManager:220 - loadIPPluginJar : add adc
2025-01-20 00:11:59,570 [INFO] IPUIPlugin:80 - create IPUIPlugin
2025-01-20 00:11:59,570 [INFO] PluginManager:220 - loadIPPluginJar : add aes
2025-01-20 00:11:59,576 [INFO] IPUIPlugin:80 - create IPUIPlugin
2025-01-20 00:11:59,576 [INFO] PluginManager:220 - loadIPPluginJar : add can
2025-01-20 00:11:59,580 [INFO] IPUIPlugin:80 - create IPUIPlugin
2025-01-20 00:11:59,581 [INFO] PluginManager:220 - loadIPPluginJar : add comp
2025-01-20 00:11:59,589 [INFO] IPUIPlugin:80 - create IPUIPlugin
2025-01-20 00:11:59,589 [INFO] PluginManager:220 - loadIPPluginJar : add cryp
2025-01-20 00:11:59,595 [INFO] IPUIPlugin:80 - create IPUIPlugin
2025-01-20 00:11:59,595 [INFO] PluginManager:220 - loadIPPluginJar : add ddr_ctrl_phy
2025-01-20 00:11:59,602 [INFO] IPUIPlugin:80 - create IPUIPlugin
2025-01-20 00:11:59,602 [INFO] PluginManager:220 - loadIPPluginJar : add dfsdm
2025-01-20 00:11:59,615 [INFO] IPUIPlugin:80 - create IPUIPlugin
2025-01-20 00:11:59,616 [INFO] PluginManager:220 - loadIPPluginJar : add dma
2025-01-20 00:11:59,625 [INFO] IPUIPlugin:80 - create IPUIPlugin
2025-01-20 00:11:59,625 [INFO] PluginManager:220 - loadIPPluginJar : add dma3
2025-01-20 00:11:59,634 [INFO] IPUIPlugin:80 - create IPUIPlugin
2025-01-20 00:11:59,635 [INFO] PluginManager:220 - loadIPPluginJar : add extmemmanager
2025-01-20 00:11:59,639 [INFO] IPUIPlugin:80 - create IPUIPlugin
2025-01-20 00:11:59,639 [INFO] PluginManager:220 - loadIPPluginJar : add fatfs
2025-01-20 00:11:59,650 [INFO] IPUIPlugin:80 - create IPUIPlugin
2025-01-20 00:11:59,650 [INFO] PluginManager:220 - loadIPPluginJar : add fmc
2025-01-20 00:11:59,664 [INFO] IPUIPlugin:80 - create IPUIPlugin
2025-01-20 00:11:59,665 [INFO] PluginManager:220 - loadIPPluginJar : add freertos
2025-01-20 00:11:59,670 [INFO] IPUIPlugin:80 - create IPUIPlugin
2025-01-20 00:11:59,671 [INFO] PluginManager:220 - loadIPPluginJar : add genericplugin
2025-01-20 00:11:59,678 [INFO] IPUIPlugin:80 - create IPUIPlugin
2025-01-20 00:11:59,678 [INFO] PluginManager:220 - loadIPPluginJar : add gfxmmu
2025-01-20 00:11:59,690 [INFO] IPUIPlugin:80 - create IPUIPlugin
2025-01-20 00:11:59,690 [INFO] PluginManager:220 - loadIPPluginJar : add gic
2025-01-20 00:11:59,700 [INFO] IPUIPlugin:80 - create IPUIPlugin
2025-01-20 00:11:59,700 [INFO] PluginManager:220 - loadIPPluginJar : add gpio
2025-01-20 00:11:59,707 [INFO] IPUIPlugin:80 - create IPUIPlugin
2025-01-20 00:11:59,708 [INFO] PluginManager:220 - loadIPPluginJar : add gtzc
2025-01-20 00:11:59,713 [INFO] IPUIPlugin:80 - create IPUIPlugin
2025-01-20 00:11:59,713 [INFO] PluginManager:220 - loadIPPluginJar : add hash
2025-01-20 00:11:59,722 [INFO] IPUIPlugin:80 - create IPUIPlugin
2025-01-20 00:11:59,722 [INFO] PluginManager:220 - loadIPPluginJar : add i2c
2025-01-20 00:11:59,737 [INFO] IPUIPlugin:80 - create IPUIPlugin
2025-01-20 00:11:59,737 [INFO] PluginManager:220 - loadIPPluginJar : add i2s
2025-01-20 00:11:59,747 [INFO] IPUIPlugin:80 - create IPUIPlugin
2025-01-20 00:11:59,747 [INFO] PluginManager:220 - loadIPPluginJar : add i3c
2025-01-20 00:11:59,757 [INFO] IPUIPlugin:80 - create IPUIPlugin
2025-01-20 00:11:59,757 [INFO] PluginManager:220 - loadIPPluginJar : add ipddr
2025-01-20 00:11:59,781 [INFO] IPUIPlugin:80 - create IPUIPlugin
2025-01-20 00:11:59,781 [INFO] PluginManager:220 - loadIPPluginJar : add linkedlist
2025-01-20 00:11:59,791 [INFO] IPUIPlugin:80 - create IPUIPlugin
2025-01-20 00:11:59,791 [INFO] PluginManager:220 - loadIPPluginJar : add lorawan
2025-01-20 00:11:59,795 [INFO] IPUIPlugin:80 - create IPUIPlugin
2025-01-20 00:11:59,796 [INFO] PluginManager:220 - loadIPPluginJar : add ltdc
2025-01-20 00:11:59,811 [INFO] IPUIPlugin:80 - create IPUIPlugin
2025-01-20 00:11:59,812 [INFO] PluginManager:220 - loadIPPluginJar : add mdma
2025-01-20 00:11:59,824 [INFO] IPUIPlugin:80 - create IPUIPlugin
2025-01-20 00:11:59,824 [INFO] PluginManager:220 - loadIPPluginJar : add nvic
2025-01-20 00:11:59,834 [INFO] IPUIPlugin:80 - create IPUIPlugin
2025-01-20 00:11:59,835 [INFO] PluginManager:220 - loadIPPluginJar : add opamp
2025-01-20 00:11:59,842 [INFO] IPUIPlugin:80 - create IPUIPlugin
2025-01-20 00:11:59,844 [INFO] PluginManager:220 - loadIPPluginJar : add openamp
2025-01-20 00:11:59,864 [INFO] IPUIPlugin:80 - create IPUIPlugin
2025-01-20 00:11:59,864 [INFO] PluginManager:220 - loadIPPluginJar : add pdm2pcm
2025-01-20 00:11:59,880 [INFO] IPUIPlugin:80 - create IPUIPlugin
2025-01-20 00:11:59,893 [INFO] PluginManager:220 - loadIPPluginJar : add plateformsettings
2025-01-20 00:11:59,909 [INFO] IPUIPlugin:80 - create IPUIPlugin
2025-01-20 00:11:59,909 [INFO] PluginManager:220 - loadIPPluginJar : add quadspi
2025-01-20 00:11:59,914 [INFO] IPUIPlugin:80 - create IPUIPlugin
2025-01-20 00:11:59,917 [INFO] PluginManager:220 - loadIPPluginJar : add radio
2025-01-20 00:11:59,926 [INFO] IPUIPlugin:80 - create IPUIPlugin
2025-01-20 00:11:59,927 [INFO] PluginManager:220 - loadIPPluginJar : add resmgrutility
2025-01-20 00:11:59,933 [INFO] IPUIPlugin:80 - create IPUIPlugin
2025-01-20 00:11:59,934 [INFO] PluginManager:220 - loadIPPluginJar : add sai
2025-01-20 00:11:59,940 [INFO] IPUIPlugin:80 - create IPUIPlugin
2025-01-20 00:11:59,941 [INFO] PluginManager:220 - loadIPPluginJar : add spi
2025-01-20 00:11:59,953 [INFO] IPUIPlugin:80 - create IPUIPlugin
2025-01-20 00:11:59,953 [INFO] PluginManager:220 - loadIPPluginJar : add stm32_wpan
2025-01-20 00:11:59,958 [INFO] IPUIPlugin:80 - create IPUIPlugin
2025-01-20 00:11:59,958 [INFO] PluginManager:220 - loadIPPluginJar : add tim
2025-01-20 00:11:59,966 [INFO] IPUIPlugin:80 - create IPUIPlugin
2025-01-20 00:11:59,966 [INFO] PluginManager:220 - loadIPPluginJar : add touchsensing
2025-01-20 00:11:59,972 [INFO] IPUIPlugin:80 - create IPUIPlugin
2025-01-20 00:11:59,972 [INFO] PluginManager:220 - loadIPPluginJar : add tracer_emb
2025-01-20 00:11:59,978 [INFO] IPUIPlugin:80 - create IPUIPlugin
2025-01-20 00:11:59,979 [INFO] PluginManager:220 - loadIPPluginJar : add ts
2025-01-20 00:11:59,984 [INFO] IPUIPlugin:80 - create IPUIPlugin
2025-01-20 00:11:59,984 [INFO] PluginManager:220 - loadIPPluginJar : add tsc
2025-01-20 00:11:59,989 [INFO] IPUIPlugin:80 - create IPUIPlugin
2025-01-20 00:11:59,990 [INFO] PluginManager:220 - loadIPPluginJar : add ucpd
2025-01-20 00:11:59,997 [INFO] IPUIPlugin:80 - create IPUIPlugin
2025-01-20 00:11:59,998 [INFO] PluginManager:220 - loadIPPluginJar : add usart
2025-01-20 00:12:00,005 [INFO] IPUIPlugin:80 - create IPUIPlugin
2025-01-20 00:12:00,005 [INFO] PluginManager:220 - loadIPPluginJar : add usbx
2025-01-20 00:12:00,282 [INFO] CADModel:165 - CPN selected for project level
2025-01-20 00:12:00,282 [INFO] CADModel:114 - Register for checkConnection events
2025-01-20 00:12:00,282 [FATAL] Updater:334 - Updater called before beeing initialized
2025-01-20 00:12:00,282 [ERROR] CADModel:125 - Updater not yet initialized, retry later 
2025-01-20 00:12:00,673 [INFO] CADModel:165 - CPN selected for project level
2025-01-20 00:12:00,673 [INFO] CADModel:114 - Register for checkConnection events
2025-01-20 00:12:00,673 [FATAL] Updater:334 - Updater called before beeing initialized
2025-01-20 00:12:00,673 [ERROR] CADModel:125 - Updater not yet initialized, retry later 
2025-01-20 00:12:00,686 [FATAL] Updater:334 - Updater called before beeing initialized
2025-01-20 00:12:00,958 [INFO] ThirdPartyUpdaterWithRetryManager:70 - Updater plugin not ready yet. [2/15]
2025-01-20 00:12:01,036 [FATAL] Updater:334 - Updater called before beeing initialized
2025-01-20 00:12:01,050 [INFO] DbMcusAds:53 - JSON generation date=Fri Sep 20 15:04:23 CEST 2024 (1726837463113)
2025-01-20 00:12:01,050 [FATAL] Updater:334 - Updater called before beeing initialized
2025-01-20 00:12:01,171 [WARN] DetailPanel:346 - Failed to get advertising image, set to default
2025-01-20 00:12:01,477 [FATAL] Updater:334 - Updater called before beeing initialized
2025-01-20 00:12:01,486 [FATAL] Updater:334 - Updater called before beeing initialized
2025-01-20 00:12:01,488 [FATAL] Updater:334 - Updater called before beeing initialized
2025-01-20 00:12:01,489 [WARN] DetailPanel:346 - Failed to get advertising image, set to default
2025-01-20 00:12:01,493 [FATAL] Updater:334 - Updater called before beeing initialized
2025-01-20 00:12:01,640 [ERROR] Updater:1164 - MainUpdater not yet initialized. External WinMGr cannot be set.
2025-01-20 00:12:01,645 [INFO] Updater:1100 - Updater Version found : 6.12.1
2025-01-20 00:12:01,693 [INFO] ApplicationProperties:184 - Using Application install path: C:\ST\STM32CubeIDE_1.16.1\STM32CubeIDE\plugins\com.st.stm32cube.common.mx_6.12.1.202409122256
2025-01-20 00:12:02,310 [INFO] MainUpdater:2873 - connection check result : 10
2025-01-20 00:12:02,312 [INFO] MainUpdater:290 - Updater Check For Update Now.
2025-01-20 00:12:02,312 [INFO] MicroXplorer:498 - Change Database Version : DB.6.0.121
2025-01-20 00:12:02,344 [INFO] McuFinderGlobals:63 - Set McuFinder mode to 2 (CubeIDE integrated)
2025-01-20 00:12:02,347 [INFO] UserAuth:417 - Internet connection configuration mode: 1
2025-01-20 00:12:02,507 [INFO] JxBrowserEngine:152 - Initiate JxBrowser Engine with user profile folder
2025-01-20 00:12:02,657 [INFO] CheckServerUpdateThread:120 - End of CheckServer Thread
2025-01-20 00:12:05,940 [INFO] WebApp:167 - Instantiating new browser for Auth
2025-01-20 00:12:06,891 [WARN] PackLoader:240 - Cannot read IP mode file for STMicroelectronics.FP-SNS-MOTENVWB1.1.4.0
2025-01-20 00:12:06,923 [WARN] PackLoader:240 - Cannot read IP mode file for STMicroelectronics.FP-ATR-ASTRA1.2.0.1
2025-01-20 00:12:06,952 [WARN] PackLoader:240 - Cannot read IP mode file for STMicroelectronics.X-CUBE-SMBUS.2.1.0
2025-01-20 00:12:06,984 [WARN] PackLoader:240 - Cannot read IP mode file for STMicroelectronics.X-CUBE-WB05N.1.1.0
2025-01-20 00:12:07,081 [WARN] PackLoader:240 - Cannot read IP mode file for STMicroelectronics.X-CUBE-AZRTOS-F7.1.1.0
2025-01-20 00:12:07,340 [WARN] PackLoader:240 - Cannot read IP mode file for STMicroelectronics.X-CUBE-MEMS1.11.0.0
2025-01-20 00:12:07,863 [WARN] PackLoader:240 - Cannot read IP mode file for STMicroelectronics.FP-SNS-FLIGHT1.5.0.2
2025-01-20 00:12:07,901 [WARN] PackLoader:240 - Cannot read IP mode file for STMicroelectronics.X-CUBE-DISPLAY.3.0.0
2025-01-20 00:12:07,915 [WARN] PackLoader:240 - Cannot read IP mode file for STMicroelectronics.X-CUBE-BLE1.7.0.0
2025-01-20 00:12:07,931 [WARN] PackLoader:240 - Cannot read IP mode file for STMicroelectronics.X-CUBE-NFC10.1.0.0
2025-01-20 00:12:07,950 [WARN] PackLoader:240 - Cannot read IP mode file for STMicroelectronics.X-CUBE-BLEMGR.4.0.0
2025-01-20 00:12:07,985 [WARN] PackLoader:240 - Cannot read IP mode file for emotas.I-CUBE-CANOPEN.1.3.0
2025-01-20 00:12:08,022 [WARN] PackLoader:240 - Cannot read IP mode file for STMicroelectronics.X-CUBE-BLEMGR.3.1.0
2025-01-20 00:12:08,034 [WARN] PackLoader:240 - Cannot read IP mode file for STMicroelectronics.FP-SNS-SMARTAG2.1.2.0
2025-01-20 00:12:08,183 [WARN] PackLoader:240 - Cannot read IP mode file for STMicroelectronics.X-CUBE-MEMS1.11.1.0
2025-01-20 00:12:08,602 [INFO] LogOutputStream:77 - [STDOUT_REDIRECT] 1 : Invalid condition id : UX_CORESTACK_Condition cause : null
2025-01-20 00:12:08,603 [INFO] LogOutputStream:77 - [STDOUT_REDIRECT] 1 : Invalid condition id : UX_CORESTACK_Condition cause : null
2025-01-20 00:12:08,606 [INFO] LogOutputStream:77 - [STDOUT_REDIRECT] 1 : Invalid condition id : UX_CORESTACK_Condition cause : null
2025-01-20 00:12:08,611 [INFO] LogOutputStream:77 - [STDOUT_REDIRECT] 1 : Invalid condition id : UX_CORESTACK_Condition cause : null
2025-01-20 00:12:08,613 [INFO] LogOutputStream:77 - [STDOUT_REDIRECT] 1 : Invalid condition id : UX_CORESTACK_Condition cause : null
2025-01-20 00:12:08,618 [WARN] PackLoader:240 - Cannot read IP mode file for STMicroelectronics.X-CUBE-AZRTOS-WL.2.0.0
2025-01-20 00:12:08,702 [WARN] PackLoader:240 - Cannot read IP mode file for STMicroelectronics.FP-SNS-MOTENV1.5.0.0
2025-01-20 00:12:08,722 [WARN] PackLoader:240 - Cannot read IP mode file for wolfSSL.I-CUBE-wolfMQTT.1.19.0
2025-01-20 00:12:08,781 [WARN] PackLoader:240 - Cannot read IP mode file for WES.I-CUBE-Cesium.1.3.0
2025-01-20 00:12:08,857 [WARN] PackLoader:240 - Cannot read IP mode file for STMicroelectronics.X-CUBE-BLE2.3.3.0
2025-01-20 00:12:08,887 [WARN] PackLoader:240 - Cannot read IP mode file for STMicroelectronics.X-CUBE-NFC9.1.0.0
2025-01-20 00:12:08,907 [WARN] PackLoader:240 - Cannot read IP mode file for STMicroelectronics.X-CUBE-TCPP.4.1.0
2025-01-20 00:12:08,987 [WARN] PackLoader:240 - Cannot read IP mode file for STMicroelectronics.X-CUBE-AZRTOS-G0.1.1.0
2025-01-20 00:12:09,051 [WARN] PackLoader:240 - Cannot read IP mode file for STMicroelectronics.X-CUBE-SAFEA1.1.2.2
2025-01-20 00:12:09,071 [WARN] PackLoader:240 - Cannot read IP mode file for STMicroelectronics.X-CUBE-NFC4.3.0.0
2025-01-20 00:12:09,096 [WARN] PackLoader:240 - Cannot read IP mode file for EmbeddedOffice.I-CUBE-FS-RTOS.1.0.1
2025-01-20 00:12:09,096 [ERROR] ConditionMgr:805 - Attr not supported : Dmpu
2025-01-20 00:12:09,096 [ERROR] ConditionMgr:805 - Attr not supported : Dmpu
2025-01-20 00:12:09,096 [ERROR] ConditionMgr:805 - Attr not supported : Dmpu
2025-01-20 00:12:09,096 [ERROR] ConditionMgr:805 - Attr not supported : Dmpu
2025-01-20 00:12:09,096 [ERROR] ConditionMgr:805 - Attr not supported : Dmpu
2025-01-20 00:12:09,096 [ERROR] ConditionMgr:805 - Attr not supported : Dmpu
2025-01-20 00:12:09,099 [ERROR] ConditionMgr:805 - Attr not supported : Dmpu
2025-01-20 00:12:09,099 [ERROR] ConditionMgr:805 - Attr not supported : Dmpu
2025-01-20 00:12:09,099 [ERROR] ConditionMgr:805 - Attr not supported : Dmpu
2025-01-20 00:12:09,099 [ERROR] ConditionMgr:805 - Attr not supported : Dmpu
2025-01-20 00:12:09,099 [ERROR] ConditionMgr:805 - Attr not supported : Dmpu
2025-01-20 00:12:09,099 [ERROR] ConditionMgr:805 - Attr not supported : Dmpu
2025-01-20 00:12:09,099 [ERROR] ConditionMgr:805 - Attr not supported : Dmpu
2025-01-20 00:12:09,099 [ERROR] ConditionMgr:805 - Attr not supported : Dmpu
2025-01-20 00:12:09,100 [ERROR] ConditionMgr:805 - Attr not supported : Dmpu
2025-01-20 00:12:09,100 [ERROR] ConditionMgr:805 - Attr not supported : Dmpu
2025-01-20 00:12:09,100 [ERROR] ConditionMgr:805 - Attr not supported : Dmpu
2025-01-20 00:12:09,101 [ERROR] ConditionMgr:805 - Attr not supported : Dmpu
2025-01-20 00:12:09,101 [ERROR] ConditionMgr:805 - Attr not supported : Dmpu
2025-01-20 00:12:09,101 [ERROR] ConditionMgr:805 - Attr not supported : Dmpu
2025-01-20 00:12:09,101 [ERROR] ConditionMgr:805 - Attr not supported : Dmpu
2025-01-20 00:12:09,101 [ERROR] ConditionMgr:805 - Attr not supported : Dmpu
2025-01-20 00:12:09,102 [ERROR] ConditionMgr:805 - Attr not supported : Dmpu
2025-01-20 00:12:09,102 [ERROR] ConditionMgr:805 - Attr not supported : Dmpu
2025-01-20 00:12:09,102 [ERROR] ConditionMgr:805 - Attr not supported : Dmpu
2025-01-20 00:12:09,102 [ERROR] ConditionMgr:805 - Attr not supported : Dmpu
2025-01-20 00:12:09,102 [ERROR] ConditionMgr:805 - Attr not supported : Dmpu
2025-01-20 00:12:09,102 [ERROR] ConditionMgr:805 - Attr not supported : Dmpu
2025-01-20 00:12:09,102 [ERROR] ConditionMgr:805 - Attr not supported : Dmpu
2025-01-20 00:12:09,102 [ERROR] ConditionMgr:805 - Attr not supported : Dmpu
2025-01-20 00:12:09,102 [ERROR] ConditionMgr:805 - Attr not supported : Dmpu
2025-01-20 00:12:09,102 [ERROR] ConditionMgr:805 - Attr not supported : Dmpu
2025-01-20 00:12:09,102 [ERROR] ConditionMgr:805 - Attr not supported : Dmpu
2025-01-20 00:12:09,102 [ERROR] ConditionMgr:805 - Attr not supported : Dmpu
2025-01-20 00:12:09,102 [ERROR] ConditionMgr:805 - Attr not supported : Dmpu
2025-01-20 00:12:09,103 [ERROR] ConditionMgr:805 - Attr not supported : Dmpu
2025-01-20 00:12:09,103 [ERROR] ConditionMgr:805 - Attr not supported : Dmpu
2025-01-20 00:12:09,103 [ERROR] ConditionMgr:805 - Attr not supported : Dmpu
2025-01-20 00:12:09,103 [ERROR] ConditionMgr:805 - Attr not supported : Dmpu
2025-01-20 00:12:09,103 [ERROR] ConditionMgr:805 - Attr not supported : Dmpu
2025-01-20 00:12:09,103 [ERROR] ConditionMgr:805 - Attr not supported : Dmpu
2025-01-20 00:12:09,103 [ERROR] ConditionMgr:805 - Attr not supported : Dmpu
2025-01-20 00:12:09,103 [ERROR] ConditionMgr:805 - Attr not supported : Dmpu
2025-01-20 00:12:09,103 [ERROR] ConditionMgr:805 - Attr not supported : Dmpu
2025-01-20 00:12:09,103 [ERROR] ConditionMgr:805 - Attr not supported : Dmpu
2025-01-20 00:12:09,103 [ERROR] ConditionMgr:805 - Attr not supported : Dmpu
2025-01-20 00:12:09,103 [ERROR] ConditionMgr:805 - Attr not supported : Dmpu
2025-01-20 00:12:09,103 [ERROR] ConditionMgr:805 - Attr not supported : Dmpu
2025-01-20 00:12:09,103 [ERROR] ConditionMgr:805 - Attr not supported : Dmpu
2025-01-20 00:12:09,103 [ERROR] ConditionMgr:805 - Attr not supported : Dmpu
2025-01-20 00:12:09,103 [ERROR] ConditionMgr:805 - Attr not supported : Dmpu
2025-01-20 00:12:09,103 [ERROR] ConditionMgr:805 - Attr not supported : Dmpu
2025-01-20 00:12:09,103 [ERROR] ConditionMgr:805 - Attr not supported : Dmpu
2025-01-20 00:12:09,103 [ERROR] ConditionMgr:805 - Attr not supported : Dmpu
2025-01-20 00:12:09,103 [ERROR] ConditionMgr:805 - Attr not supported : Dmpu
2025-01-20 00:12:09,103 [ERROR] ConditionMgr:805 - Attr not supported : Dmpu
2025-01-20 00:12:09,103 [ERROR] ConditionMgr:805 - Attr not supported : Dmpu
2025-01-20 00:12:09,103 [ERROR] ConditionMgr:805 - Attr not supported : Dmpu
2025-01-20 00:12:09,103 [ERROR] ConditionMgr:805 - Attr not supported : Dmpu
2025-01-20 00:12:09,103 [ERROR] ConditionMgr:805 - Attr not supported : Dmpu
2025-01-20 00:12:09,103 [ERROR] ConditionMgr:805 - Attr not supported : Dmpu
2025-01-20 00:12:09,103 [ERROR] ConditionMgr:805 - Attr not supported : Dmpu
2025-01-20 00:12:09,103 [ERROR] ConditionMgr:805 - Attr not supported : Dmpu
2025-01-20 00:12:09,103 [ERROR] ConditionMgr:805 - Attr not supported : Dmpu
2025-01-20 00:12:09,120 [ERROR] Engine:466 - C:\Users\Sebastian\.stm32cubemx\thirdparties\pdsc\STMicroelectronics.X-CUBE-TCPP.4.2.0.pdsc: PDSC version is not supported
2025-01-20 00:12:09,129 [WARN] PackLoader:240 - Cannot read IP mode file for RealThread.X-CUBE-RT-Thread_Nano.4.1.1
2025-01-20 00:12:09,142 [WARN] PackLoader:240 - Cannot read IP mode file for STMicroelectronics.FP-ATR-SIGFOX1.3.2.0
2025-01-20 00:12:09,174 [WARN] PackLoader:240 - Cannot read IP mode file for wolfSSL.I-CUBE-wolfSSL.5.7.2
2025-01-20 00:12:09,191 [WARN] ConditionMgr:438 - getConditionDescription Invalid condition id : Cortex-A Device cause : null
2025-01-20 00:12:09,314 [WARN] ConditionMgr:1039 - genDependencies : Invalid condition id : Cortex-A Device cause : null
2025-01-20 00:12:09,315 [WARN] ConditionMgr:1039 - genDependencies : Invalid condition id : Cortex-A Device cause : null
2025-01-20 00:12:09,315 [WARN] ConditionMgr:1039 - genDependencies : Invalid condition id : Cortex-A Device cause : null
2025-01-20 00:12:09,421 [WARN] PackLoader:240 - Cannot read IP mode file for STMicroelectronics.X-CUBE-EEPRMA1.5.1.0
2025-01-20 00:12:09,442 [WARN] PackLoader:240 - Cannot read IP mode file for ITTIA_DB.I-CUBE-ITTIADB.8.9.0
2025-01-20 00:12:09,542 [WARN] PackLoader:240 - Cannot read IP mode file for SEGGER.I-CUBE-embOS.1.3.1
2025-01-20 00:12:09,681 [WARN] PackLoader:240 - Cannot read IP mode file for STMicroelectronics.X-CUBE-ALGOBUILD.1.4.0
2025-01-20 00:12:09,686 [WARN] PackLoader:240 - Cannot read IP mode file for STMicroelectronics.X-CUBE-AI.9.1.0
2025-01-20 00:12:09,722 [WARN] PackLoader:240 - Cannot read IP mode file for STMicroelectronics.X-CUBE-AZRTOS-F4.1.1.0
2025-01-20 00:12:09,739 [INFO] WebApp:448 - Apply proxy settings
2025-01-20 00:12:09,740 [INFO] WebApp:533 - Chromium requires no authentication
2025-01-20 00:12:09,750 [WARN] PackLoader:240 - Cannot read IP mode file for STMicroelectronics.X-CUBE-ISPU.2.1.0
2025-01-20 00:12:09,763 [WARN] PackLoader:240 - Cannot read IP mode file for STMicroelectronics.X-CUBE-FREERTOS.1.2.0
2025-01-20 00:12:09,802 [WARN] PackLoader:240 - Cannot read IP mode file for STMicroelectronics.X-CUBE-AZRTOS-L5.2.0.0
2025-01-20 00:12:09,804 [INFO] WebApp:476 - Direct internet connection detected
2025-01-20 00:12:09,830 [WARN] PackLoader:240 - Cannot read IP mode file for STMicroelectronics.X-CUBE-NFC6.3.1.0
2025-01-20 00:12:09,885 [WARN] PackLoader:240 - Cannot read IP mode file for STMicroelectronics.X-CUBE-DPower.1.2.0
2025-01-20 00:12:09,898 [WARN] PackLoader:240 - Cannot read IP mode file for STMicroelectronics.X-CUBE-FREERTOS.1.3.0
2025-01-20 00:12:09,907 [WARN] PackLoader:240 - Cannot read IP mode file for STMicroelectronics.X-CUBE-NFC7.1.0.1
2025-01-20 00:12:09,955 [WARN] ConditionMgr:438 - getConditionDescription Invalid condition id : LAN8742 Phy interface Condition cause : null
2025-01-20 00:12:09,956 [WARN] PackLoader:240 - Cannot read IP mode file for STMicroelectronics.X-CUBE-AZRTOS-L4.2.0.0
2025-01-20 00:12:09,959 [WARN] ConditionMgr:1039 - genDependencies : Invalid condition id : LAN8742 Phy interface Condition cause : null
2025-01-20 00:12:09,960 [WARN] ConditionMgr:1039 - genDependencies : Invalid condition id : LAN8742 Phy interface Condition cause : null
2025-01-20 00:12:09,961 [WARN] ConditionMgr:1039 - genDependencies : Invalid condition id : LAN8742 Phy interface Condition cause : null
2025-01-20 00:12:10,011 [WARN] PackLoader:240 - Cannot read IP mode file for STMicroelectronics.X-CUBE-SFXS2LP1.4.0.0
2025-01-20 00:12:10,043 [INFO] WebApp:869 - Register for checkConnection events
2025-01-20 00:12:10,043 [INFO] WebApp:448 - Apply proxy settings
2025-01-20 00:12:10,043 [INFO] WebApp:533 - Chromium requires no authentication
2025-01-20 00:12:10,043 [INFO] WebApp:476 - Direct internet connection detected
2025-01-20 00:12:10,049 [WARN] PackLoader:240 - Cannot read IP mode file for STMicroelectronics.X-CUBE-AZRTOS-H7.3.3.0
2025-01-20 00:12:10,073 [WARN] PackLoader:240 - Cannot read IP mode file for STMicroelectronics.X-CUBE-IPS.3.0.0
2025-01-20 00:12:10,091 [WARN] ConditionMgr:438 - getConditionDescription Invalid condition id : UX DEVICE CLASS RTOS Condition cause : null
2025-01-20 00:12:10,095 [WARN] ConditionMgr:438 - getConditionDescription Invalid condition id : UX DEVICE CLASS RTOS Condition cause : null
2025-01-20 00:12:10,095 [WARN] PackLoader:240 - Cannot read IP mode file for STMicroelectronics.X-CUBE-AZRTOS-WB.2.0.0
2025-01-20 00:12:10,095 [WARN] ConditionMgr:1039 - genDependencies : Invalid condition id : UX DEVICE CLASS RTOS Condition cause : null
2025-01-20 00:12:10,100 [WARN] ConditionMgr:1039 - genDependencies : Invalid condition id : UX DEVICE CLASS RTOS Condition cause : null
2025-01-20 00:12:10,100 [WARN] ConditionMgr:1039 - genDependencies : Invalid condition id : UX DEVICE CLASS RTOS Condition cause : null
2025-01-20 00:12:10,101 [WARN] ConditionMgr:1039 - genDependencies : Invalid condition id : UX DEVICE CLASS RTOS Condition cause : null
2025-01-20 00:12:10,101 [WARN] ConditionMgr:1039 - genDependencies : Invalid condition id : UX DEVICE CLASS RTOS Condition cause : null
2025-01-20 00:12:10,115 [WARN] PackLoader:240 - Cannot read IP mode file for STMicroelectronics.X-CUBE-GNSS1.7.0.0
2025-01-20 00:12:10,122 [WARN] PackLoader:240 - Cannot read IP mode file for STMicroelectronics.X-CUBE-GNSS1.7.0.1
2025-01-20 00:12:10,137 [WARN] PackLoader:240 - Cannot read IP mode file for STMicroelectronics.FP-SNS-STBOX1.2.0.0
2025-01-20 00:12:10,155 [WARN] PackLoader:240 - Cannot read IP mode file for STMicroelectronics.X-CUBE-SUBG2.5.0.0
2025-01-20 00:12:10,197 [WARN] PackLoader:240 - Cannot read IP mode file for Cesanta.I-CUBE-Mongoose.7.13.0
2025-01-20 00:12:10,222 [WARN] PackLoader:240 - Cannot read IP mode file for STMicroelectronics.X-CUBE-AZRTOS-G4.2.0.0
2025-01-20 00:12:10,233 [ERROR] Engine:466 - C:\Users\Sebastian\.stm32cubemx\thirdparties\pdsc\STMicroelectronics.X-CUBE-IPS.3.1.0.pdsc: PDSC version is not supported
2025-01-20 00:12:10,241 [WARN] PackLoader:240 - Cannot read IP mode file for STMicroelectronics.X-CUBE-ALS.1.0.2
2025-01-20 00:12:10,258 [WARN] PackLoader:240 - Cannot read IP mode file for STMicroelectronics.X-CUBE-TOUCHGFX.4.24.2
2025-01-20 00:12:10,265 [WARN] PackLoader:240 - Cannot read IP mode file for STMicroelectronics.X-CUBE-TOUCHGFX.4.24.1
2025-01-20 00:12:10,273 [WARN] PackLoader:240 - Cannot read IP mode file for wolfSSL.I-CUBE-wolfTPM.3.4.0
2025-01-20 00:12:10,290 [WARN] PackLoader:240 - Cannot read IP mode file for portGmbH.I-Cube-SoM-uGOAL.1.1.0
2025-01-20 00:12:10,451 [WARN] PackLoader:240 - Cannot read IP mode file for STMicroelectronics.X-CUBE-AZRTOS-H7RS.1.0.0
2025-01-20 00:12:10,466 [WARN] PackLoader:240 - Cannot read IP mode file for STMicroelectronics.FP-ATR-ASTRA1.2.0.0
2025-01-20 00:12:10,494 [WARN] PackLoader:240 - Cannot read IP mode file for STMicroelectronics.X-CUBE-TOF1.3.4.2
2025-01-20 00:12:10,565 [WARN] PackLoader:240 - Cannot read IP mode file for Infineon.AIROC-Wi-Fi-Bluetooth-STM32.1.6.1
2025-01-20 00:12:10,615 [WARN] PackLoader:240 - Cannot read IP mode file for wolfSSL.I-CUBE-wolfSSH.1.4.17
2025-01-20 00:12:10,616 [INFO] ThirdParty:978 - Integrity check success = true
2025-01-20 00:12:10,616 [INFO] IntegrityCheckThread:100 - exiting critical section [integrity check]
2025-01-20 00:12:10,616 [INFO] IntegrityCheckThread:103 - End integrity checks thread
2025-01-20 00:12:10,653 [INFO] WebApp:186 - Connection restablished
2025-01-20 00:12:11,187 [INFO] WebApp:220 - Starting web application
2025-01-20 00:12:11,187 [INFO] WebApp:578 - Web application path used C:\ST\STM32CubeIDE_1.16.1\STM32CubeIDE\plugins\com.st.stm32cube.common.mx_6.12.1.202409122256\db\plugins\mcufinder\reactClient1\index.html
2025-01-20 00:12:11,443 [INFO] UserAuth:417 - Internet connection configuration mode: 1
2025-01-20 00:19:47,610 [ERROR] LogOutputStream:75 - [STDERR_REDIRECT] 
2025-01-20 00:20:26,657 [INFO] Activator:176 - 


2025-01-20 00:20:26,659 [INFO] Activator:177 - !SESSION log4j initialized
2025-01-20 00:20:30,192 [INFO] LogOutputStream:77 - [STDOUT_REDIRECT] 
2025-01-20 00:20:32,902 [INFO] ApplicationProperties:184 - Using Application install path: C:\ST\STM32CubeIDE_1.16.1\STM32CubeIDE\plugins\com.st.stm32cube.common.mx_6.12.1.202409122256
2025-01-20 00:20:32,961 [INFO] DbMcusXml:78 - Set database path to: C:\ST\STM32CubeIDE_1.16.1\STM32CubeIDE\plugins\com.st.stm32cube.common.mx_6.12.1.202409122256\\db\/mcu/
2025-01-20 00:20:32,961 [INFO] ApiDb:274 - Set plugin database path to: C:\ST\STM32CubeIDE_1.16.1\STM32CubeIDE\plugins\com.st.stm32cube.common.mx_6.12.1.202409122256\\db\/plugins/boardmanager/
2025-01-20 00:20:32,962 [WARN] ApiDb:259 - Overriding images path with different value:  => C:\ST\STM32CubeIDE_1.16.1\STM32CubeIDE\plugins\com.st.stm32cube.common.mx_6.12.1.202409122256\\db\/plugins/mcufinder/images/
2025-01-20 00:20:32,983 [INFO] ApiDb:250 - Set database path to: C:\Users\Sebastian\.stmcufinder\plugins\mcufinder//mcu/
2025-01-20 00:20:32,985 [INFO] DbMcusAds:125 - Set database path to: C:\Users\Sebastian\.stmcufinder\plugins\mcufinder//mcu/
2025-01-20 00:20:32,990 [INFO] CrossReferenceDbSqlite:203 - Set database path to: C:\Users\Sebastian\.stmcufinder\plugins\mcufinder//mcu/cs/
2025-01-20 00:20:33,154 [INFO] RulesReader:64 - Compatibility file has been processed (297 Rules)
2025-01-20 00:20:33,311 [INFO] DbMcusXml:78 - Set database path to: C:\ST\STM32CubeIDE_1.16.1\STM32CubeIDE\plugins\com.st.stm32cube.common.mx_6.12.1.202409122256\\db\/mcu/
2025-01-20 00:20:33,312 [INFO] ApiDb:274 - Set plugin database path to: C:\ST\STM32CubeIDE_1.16.1\STM32CubeIDE\plugins\com.st.stm32cube.common.mx_6.12.1.202409122256\\db\/plugins/boardmanager/
2025-01-20 00:20:33,312 [INFO] ApiDb:261 - Set plugin images path to: C:\ST\STM32CubeIDE_1.16.1\STM32CubeIDE\plugins\com.st.stm32cube.common.mx_6.12.1.202409122256\\db\/plugins/mcufinder/images/
2025-01-20 00:20:33,312 [WARN] DbFile:41 - Overriding database path with different value: C:\Users\Sebastian\.stmcufinder\plugins\mcufinder/ => C:\Users\Sebastian\.stmcufinder\plugins\mcufinder
2025-01-20 00:20:33,313 [INFO] ApiDb:250 - Set database path to: C:\Users\Sebastian\.stmcufinder\plugins\mcufinder//mcu/
2025-01-20 00:20:33,313 [WARN] DbFile:41 - Overriding database path with different value: C:\Users\Sebastian\.stmcufinder\plugins\mcufinder/ => C:\Users\Sebastian\.stmcufinder\plugins\mcufinder
2025-01-20 00:20:33,313 [INFO] DbMcusAds:125 - Set database path to: C:\Users\Sebastian\.stmcufinder\plugins\mcufinder//mcu/
2025-01-20 00:20:33,313 [WARN] DbFile:41 - Overriding database path with different value: C:\Users\Sebastian\.stmcufinder\plugins\mcufinder/ => C:\Users\Sebastian\.stmcufinder\plugins\mcufinder
2025-01-20 00:20:33,313 [WARN] DbFile:41 - Overriding database path with different value: C:\Users\Sebastian\.stmcufinder\plugins\mcufinder/ => C:\Users\Sebastian\.stmcufinder\plugins\mcufinder
2025-01-20 00:20:33,314 [INFO] CrossReferenceDbSqlite:203 - Set database path to: C:\Users\Sebastian\.stmcufinder\plugins\mcufinder//mcu/cs/
2025-01-20 00:20:33,467 [INFO] MainPanel:268 - HeapMemory: 268435456
2025-01-20 00:20:33,732 [INFO] DbMcusXml:78 - Set database path to: C:\ST\STM32CubeIDE_1.16.1\STM32CubeIDE\plugins\com.st.stm32cube.common.mx_6.12.1.202409122256\\db\/mcu/
2025-01-20 00:20:33,733 [INFO] ApiDb:274 - Set plugin database path to: C:\ST\STM32CubeIDE_1.16.1\STM32CubeIDE\plugins\com.st.stm32cube.common.mx_6.12.1.202409122256\\db\/plugins/boardmanager/
2025-01-20 00:20:33,733 [INFO] ApiDb:261 - Set plugin images path to: C:\ST\STM32CubeIDE_1.16.1\STM32CubeIDE\plugins\com.st.stm32cube.common.mx_6.12.1.202409122256\\db\/plugins/mcufinder/images/
2025-01-20 00:20:33,734 [WARN] DbFile:41 - Overriding database path with different value: C:\Users\Sebastian\.stmcufinder\plugins\mcufinder/ => C:\Users\Sebastian\.stmcufinder\plugins\mcufinder
2025-01-20 00:20:33,734 [INFO] ApiDb:250 - Set database path to: C:\Users\Sebastian\.stmcufinder\plugins\mcufinder//mcu/
2025-01-20 00:20:33,735 [WARN] DbFile:41 - Overriding database path with different value: C:\Users\Sebastian\.stmcufinder\plugins\mcufinder/ => C:\Users\Sebastian\.stmcufinder\plugins\mcufinder
2025-01-20 00:20:33,735 [INFO] DbMcusAds:125 - Set database path to: C:\Users\Sebastian\.stmcufinder\plugins\mcufinder//mcu/
2025-01-20 00:20:33,735 [WARN] DbFile:41 - Overriding database path with different value: C:\Users\Sebastian\.stmcufinder\plugins\mcufinder/ => C:\Users\Sebastian\.stmcufinder\plugins\mcufinder
2025-01-20 00:20:33,735 [WARN] DbFile:41 - Overriding database path with different value: C:\Users\Sebastian\.stmcufinder\plugins\mcufinder/ => C:\Users\Sebastian\.stmcufinder\plugins\mcufinder
2025-01-20 00:20:33,735 [INFO] CrossReferenceDbSqlite:203 - Set database path to: C:\Users\Sebastian\.stmcufinder\plugins\mcufinder//mcu/cs/
2025-01-20 00:20:33,785 [INFO] ApplicationProperties:184 - Using Application install path: C:\ST\STM32CubeIDE_1.16.1\STM32CubeIDE\plugins\com.st.stm32cube.common.mx_6.12.1.202409122256
2025-01-20 00:20:33,789 [INFO] PluginManage:196 - Search for loadable plugins [exclusion list=, ]
2025-01-20 00:20:33,794 [INFO] PluginManage:310 - Check plugin analytics
2025-01-20 00:20:34,093 [INFO] AnalyticsPlugin:253 - Accepted Software Licenses: 
2025-01-20 00:20:34,093 [INFO] AnalyticsPlugin:255 - Accepted CMSIS Pack Licenses: 
2025-01-20 00:20:34,093 [INFO] AnalyticsPlugin:257 - Accepted Firmware Licenses: FW.L4.1.18.0
2025-01-20 00:20:34,097 [INFO] PluginManage:359 - Loaded plugin analytics (category:tool,tabindex:-1)
2025-01-20 00:20:34,097 [INFO] PluginManage:310 - Check plugin cadmodel
2025-01-20 00:20:34,103 [INFO] CADModel:105 - Init CAD model plugin
2025-01-20 00:20:34,104 [INFO] PluginManage:359 - Loaded plugin cadmodel (category:power,tabindex:5)
2025-01-20 00:20:34,104 [INFO] PluginManage:310 - Check plugin clock
2025-01-20 00:20:34,116 [INFO] PluginManage:359 - Loaded plugin clock (category:base,tabindex:2)
2025-01-20 00:20:34,117 [INFO] PluginManage:310 - Check plugin ddr
2025-01-20 00:20:34,121 [INFO] PluginManage:359 - Loaded plugin ddr (category:tool,tabindex:6)
2025-01-20 00:20:34,121 [INFO] PluginManage:310 - Check plugin filemanager
2025-01-20 00:20:34,331 [INFO] PluginManage:359 - Loaded plugin filemanager (category:base,tabindex:10)
2025-01-20 00:20:34,331 [INFO] PluginManage:310 - Check plugin ipmanager
2025-01-20 00:20:34,345 [INFO] PluginManage:359 - Loaded plugin ipmanager (category:base,tabindex:5)
2025-01-20 00:20:34,345 [INFO] PluginManage:310 - Check plugin lpbam
2025-01-20 00:20:34,357 [INFO] PluginManage:359 - Loaded plugin lpbam (category:base,tabindex:0)
2025-01-20 00:20:34,357 [INFO] PluginManage:310 - Check plugin memorymap
2025-01-20 00:20:34,380 [INFO] PluginManage:359 - Loaded plugin memorymap (category:base,tabindex:4)
2025-01-20 00:20:34,380 [INFO] PluginManage:310 - Check plugin pinoutandconfiguration
2025-01-20 00:20:34,394 [INFO] PluginManage:359 - Loaded plugin pinoutandconfiguration (category:base,tabindex:1)
2025-01-20 00:20:34,394 [INFO] PluginManage:310 - Check plugin pinoutconfig
2025-01-20 00:20:34,519 [WARN] SupportedApi:132 - Cannot load RTOS API schema: s4s-elt-must-match.1: The content of 'definitions' must match (annotation?, (simpleType | complexType)?, (unique | key | keyref)*)). A problem was found starting at: attribute.
2025-01-20 00:20:34,797 [INFO] PluginManage:359 - Loaded plugin pinoutconfig (category:base,tabindex:0)
2025-01-20 00:20:34,797 [INFO] PluginManage:310 - Check plugin power
2025-01-20 00:20:34,814 [INFO] PluginManage:359 - Loaded plugin power (category:power,tabindex:4)
2025-01-20 00:20:34,814 [INFO] PluginManage:310 - Check plugin projectmanager
2025-01-20 00:20:34,838 [INFO] PluginManage:359 - Loaded plugin projectmanager (category:projectmanager,tabindex:4)
2025-01-20 00:20:34,839 [INFO] PluginManage:310 - Check plugin rif
2025-01-20 00:20:34,848 [INFO] PluginManage:359 - Loaded plugin rif (category:base,tabindex:3)
2025-01-20 00:20:34,848 [INFO] PluginManage:310 - Check plugin thirdparty
2025-01-20 00:20:35,061 [INFO] PluginManage:359 - Loaded plugin thirdparty (category:base,tabindex:-1)
2025-01-20 00:20:35,061 [WARN] IntegrityCheckThread:84 - waiting for thirdparty lock release [integrity check]
2025-01-20 00:20:35,062 [INFO] PluginManage:310 - Check plugin tools
2025-01-20 00:20:35,062 [INFO] IntegrityCheckThread:86 - entering critical section [integrity check]
2025-01-20 00:20:35,062 [INFO] ThirdPartyUpdaterWithRetryManager:70 - Updater plugin not ready yet. [1/15]
2025-01-20 00:20:35,065 [INFO] PluginManage:359 - Loaded plugin tools (category:base,tabindex:7)
2025-01-20 00:20:35,065 [INFO] PluginManage:310 - Check plugin tutovideos
2025-01-20 00:20:35,323 [INFO] PluginManage:359 - Loaded plugin tutovideos (category:base,tabindex:-1)
2025-01-20 00:20:35,323 [INFO] PluginManage:310 - Check plugin updater
2025-01-20 00:20:35,347 [INFO] PluginManage:359 - Loaded plugin updater (category:base,tabindex:12)
2025-01-20 00:20:35,348 [INFO] PluginManage:310 - Check plugin userauth
2025-01-20 00:20:35,355 [INFO] UserAuth:113 - Init User Auth plugin
2025-01-20 00:20:35,355 [INFO] PluginManage:359 - Loaded plugin userauth (category:base,tabindex:14)
2025-01-20 00:20:35,356 [INFO] PluginManage:283 - PluginManage : Loaded plugins [18]
2025-01-20 00:20:35,651 [INFO] PinOutPanel:1561 - setPackage(No Configuration,No Configuration)
2025-01-20 00:20:35,774 [INFO] CADModel:165 - CPN selected for project level
2025-01-20 00:20:35,774 [INFO] CADModel:114 - Register for checkConnection events
2025-01-20 00:20:35,794 [INFO] IPUIPlugin:80 - create IPUIPlugin
2025-01-20 00:20:35,795 [INFO] PluginManager:220 - loadIPPluginJar : add adc
2025-01-20 00:20:35,799 [INFO] IPUIPlugin:80 - create IPUIPlugin
2025-01-20 00:20:35,799 [INFO] PluginManager:220 - loadIPPluginJar : add aes
2025-01-20 00:20:35,803 [INFO] IPUIPlugin:80 - create IPUIPlugin
2025-01-20 00:20:35,803 [INFO] PluginManager:220 - loadIPPluginJar : add can
2025-01-20 00:20:35,806 [INFO] IPUIPlugin:80 - create IPUIPlugin
2025-01-20 00:20:35,806 [INFO] PluginManager:220 - loadIPPluginJar : add comp
2025-01-20 00:20:35,809 [INFO] IPUIPlugin:80 - create IPUIPlugin
2025-01-20 00:20:35,809 [INFO] PluginManager:220 - loadIPPluginJar : add cryp
2025-01-20 00:20:35,812 [INFO] IPUIPlugin:80 - create IPUIPlugin
2025-01-20 00:20:35,812 [INFO] PluginManager:220 - loadIPPluginJar : add ddr_ctrl_phy
2025-01-20 00:20:35,817 [INFO] IPUIPlugin:80 - create IPUIPlugin
2025-01-20 00:20:35,817 [INFO] PluginManager:220 - loadIPPluginJar : add dfsdm
2025-01-20 00:20:35,825 [INFO] IPUIPlugin:80 - create IPUIPlugin
2025-01-20 00:20:35,825 [INFO] PluginManager:220 - loadIPPluginJar : add dma
2025-01-20 00:20:35,828 [INFO] IPUIPlugin:80 - create IPUIPlugin
2025-01-20 00:20:35,828 [INFO] PluginManager:220 - loadIPPluginJar : add dma3
2025-01-20 00:20:35,833 [INFO] IPUIPlugin:80 - create IPUIPlugin
2025-01-20 00:20:35,833 [INFO] PluginManager:220 - loadIPPluginJar : add extmemmanager
2025-01-20 00:20:35,835 [INFO] IPUIPlugin:80 - create IPUIPlugin
2025-01-20 00:20:35,836 [INFO] PluginManager:220 - loadIPPluginJar : add fatfs
2025-01-20 00:20:35,842 [INFO] IPUIPlugin:80 - create IPUIPlugin
2025-01-20 00:20:35,842 [INFO] PluginManager:220 - loadIPPluginJar : add fmc
2025-01-20 00:20:35,851 [INFO] IPUIPlugin:80 - create IPUIPlugin
2025-01-20 00:20:35,852 [INFO] PluginManager:220 - loadIPPluginJar : add freertos
2025-01-20 00:20:35,855 [INFO] IPUIPlugin:80 - create IPUIPlugin
2025-01-20 00:20:35,855 [INFO] PluginManager:220 - loadIPPluginJar : add genericplugin
2025-01-20 00:20:35,859 [INFO] IPUIPlugin:80 - create IPUIPlugin
2025-01-20 00:20:35,859 [INFO] PluginManager:220 - loadIPPluginJar : add gfxmmu
2025-01-20 00:20:35,867 [INFO] IPUIPlugin:80 - create IPUIPlugin
2025-01-20 00:20:35,867 [INFO] PluginManager:220 - loadIPPluginJar : add gic
2025-01-20 00:20:35,874 [INFO] IPUIPlugin:80 - create IPUIPlugin
2025-01-20 00:20:35,874 [INFO] PluginManager:220 - loadIPPluginJar : add gpio
2025-01-20 00:20:35,879 [INFO] IPUIPlugin:80 - create IPUIPlugin
2025-01-20 00:20:35,879 [INFO] PluginManager:220 - loadIPPluginJar : add gtzc
2025-01-20 00:20:35,884 [INFO] IPUIPlugin:80 - create IPUIPlugin
2025-01-20 00:20:35,884 [INFO] PluginManager:220 - loadIPPluginJar : add hash
2025-01-20 00:20:35,889 [INFO] IPUIPlugin:80 - create IPUIPlugin
2025-01-20 00:20:35,889 [INFO] PluginManager:220 - loadIPPluginJar : add i2c
2025-01-20 00:20:35,893 [INFO] IPUIPlugin:80 - create IPUIPlugin
2025-01-20 00:20:35,893 [INFO] PluginManager:220 - loadIPPluginJar : add i2s
2025-01-20 00:20:35,898 [INFO] IPUIPlugin:80 - create IPUIPlugin
2025-01-20 00:20:35,898 [INFO] PluginManager:220 - loadIPPluginJar : add i3c
2025-01-20 00:20:35,903 [INFO] IPUIPlugin:80 - create IPUIPlugin
2025-01-20 00:20:35,903 [INFO] PluginManager:220 - loadIPPluginJar : add ipddr
2025-01-20 00:20:35,917 [INFO] IPUIPlugin:80 - create IPUIPlugin
2025-01-20 00:20:35,917 [INFO] PluginManager:220 - loadIPPluginJar : add linkedlist
2025-01-20 00:20:35,922 [INFO] IPUIPlugin:80 - create IPUIPlugin
2025-01-20 00:20:35,923 [INFO] PluginManager:220 - loadIPPluginJar : add lorawan
2025-01-20 00:20:35,925 [INFO] IPUIPlugin:80 - create IPUIPlugin
2025-01-20 00:20:35,925 [INFO] PluginManager:220 - loadIPPluginJar : add ltdc
2025-01-20 00:20:35,932 [INFO] IPUIPlugin:80 - create IPUIPlugin
2025-01-20 00:20:35,933 [INFO] PluginManager:220 - loadIPPluginJar : add mdma
2025-01-20 00:20:35,937 [INFO] IPUIPlugin:80 - create IPUIPlugin
2025-01-20 00:20:35,937 [INFO] PluginManager:220 - loadIPPluginJar : add nvic
2025-01-20 00:20:35,941 [INFO] IPUIPlugin:80 - create IPUIPlugin
2025-01-20 00:20:35,942 [INFO] PluginManager:220 - loadIPPluginJar : add opamp
2025-01-20 00:20:35,945 [INFO] IPUIPlugin:80 - create IPUIPlugin
2025-01-20 00:20:35,946 [INFO] PluginManager:220 - loadIPPluginJar : add openamp
2025-01-20 00:20:35,949 [INFO] IPUIPlugin:80 - create IPUIPlugin
2025-01-20 00:20:35,949 [INFO] PluginManager:220 - loadIPPluginJar : add pdm2pcm
2025-01-20 00:20:35,957 [INFO] IPUIPlugin:80 - create IPUIPlugin
2025-01-20 00:20:35,960 [INFO] PluginManager:220 - loadIPPluginJar : add plateformsettings
2025-01-20 00:20:35,962 [INFO] IPUIPlugin:80 - create IPUIPlugin
2025-01-20 00:20:35,962 [INFO] PluginManager:220 - loadIPPluginJar : add quadspi
2025-01-20 00:20:35,965 [INFO] IPUIPlugin:80 - create IPUIPlugin
2025-01-20 00:20:35,965 [INFO] PluginManager:220 - loadIPPluginJar : add radio
2025-01-20 00:20:35,973 [INFO] IPUIPlugin:80 - create IPUIPlugin
2025-01-20 00:20:35,973 [INFO] PluginManager:220 - loadIPPluginJar : add resmgrutility
2025-01-20 00:20:35,979 [INFO] IPUIPlugin:80 - create IPUIPlugin
2025-01-20 00:20:35,979 [INFO] PluginManager:220 - loadIPPluginJar : add sai
2025-01-20 00:20:35,983 [INFO] IPUIPlugin:80 - create IPUIPlugin
2025-01-20 00:20:35,983 [INFO] PluginManager:220 - loadIPPluginJar : add spi
2025-01-20 00:20:35,990 [INFO] IPUIPlugin:80 - create IPUIPlugin
2025-01-20 00:20:35,990 [INFO] PluginManager:220 - loadIPPluginJar : add stm32_wpan
2025-01-20 00:20:35,992 [INFO] IPUIPlugin:80 - create IPUIPlugin
2025-01-20 00:20:35,992 [INFO] PluginManager:220 - loadIPPluginJar : add tim
2025-01-20 00:20:35,997 [INFO] IPUIPlugin:80 - create IPUIPlugin
2025-01-20 00:20:35,998 [INFO] PluginManager:220 - loadIPPluginJar : add touchsensing
2025-01-20 00:20:36,001 [INFO] IPUIPlugin:80 - create IPUIPlugin
2025-01-20 00:20:36,001 [INFO] PluginManager:220 - loadIPPluginJar : add tracer_emb
2025-01-20 00:20:36,004 [INFO] IPUIPlugin:80 - create IPUIPlugin
2025-01-20 00:20:36,005 [INFO] PluginManager:220 - loadIPPluginJar : add ts
2025-01-20 00:20:36,007 [INFO] IPUIPlugin:80 - create IPUIPlugin
2025-01-20 00:20:36,007 [INFO] PluginManager:220 - loadIPPluginJar : add tsc
2025-01-20 00:20:36,010 [INFO] IPUIPlugin:80 - create IPUIPlugin
2025-01-20 00:20:36,010 [INFO] PluginManager:220 - loadIPPluginJar : add ucpd
2025-01-20 00:20:36,015 [INFO] IPUIPlugin:80 - create IPUIPlugin
2025-01-20 00:20:36,015 [INFO] PluginManager:220 - loadIPPluginJar : add usart
2025-01-20 00:20:36,019 [INFO] IPUIPlugin:80 - create IPUIPlugin
2025-01-20 00:20:36,019 [INFO] PluginManager:220 - loadIPPluginJar : add usbx
2025-01-20 00:20:36,155 [INFO] CADModel:165 - CPN selected for project level
2025-01-20 00:20:36,155 [INFO] CADModel:114 - Register for checkConnection events
2025-01-20 00:20:36,156 [FATAL] Updater:334 - Updater called before beeing initialized
2025-01-20 00:20:36,156 [ERROR] CADModel:125 - Updater not yet initialized, retry later 
2025-01-20 00:20:36,395 [INFO] CADModel:165 - CPN selected for project level
2025-01-20 00:20:36,395 [INFO] CADModel:114 - Register for checkConnection events
2025-01-20 00:20:36,395 [FATAL] Updater:334 - Updater called before beeing initialized
2025-01-20 00:20:36,395 [ERROR] CADModel:125 - Updater not yet initialized, retry later 
2025-01-20 00:20:36,399 [FATAL] Updater:334 - Updater called before beeing initialized
2025-01-20 00:20:36,534 [FATAL] Updater:334 - Updater called before beeing initialized
2025-01-20 00:20:36,541 [INFO] DbMcusAds:53 - JSON generation date=Fri Sep 20 15:04:23 CEST 2024 (1726837463113)
2025-01-20 00:20:36,541 [FATAL] Updater:334 - Updater called before beeing initialized
2025-01-20 00:20:36,593 [WARN] DetailPanel:346 - Failed to get advertising image, set to default
2025-01-20 00:20:36,679 [FATAL] Updater:334 - Updater called before beeing initialized
2025-01-20 00:20:36,681 [FATAL] Updater:334 - Updater called before beeing initialized
2025-01-20 00:20:36,681 [FATAL] Updater:334 - Updater called before beeing initialized
2025-01-20 00:20:36,681 [WARN] DetailPanel:346 - Failed to get advertising image, set to default
2025-01-20 00:20:36,682 [FATAL] Updater:334 - Updater called before beeing initialized
2025-01-20 00:20:36,777 [ERROR] Updater:1164 - MainUpdater not yet initialized. External WinMGr cannot be set.
2025-01-20 00:20:36,781 [INFO] Updater:1100 - Updater Version found : 6.12.1
2025-01-20 00:20:36,845 [INFO] ApplicationProperties:184 - Using Application install path: C:\ST\STM32CubeIDE_1.16.1\STM32CubeIDE\plugins\com.st.stm32cube.common.mx_6.12.1.202409122256
2025-01-20 00:20:37,327 [INFO] MainUpdater:2873 - connection check result : 10
2025-01-20 00:20:37,327 [INFO] MainUpdater:290 - Updater Check For Update Now.
2025-01-20 00:20:37,328 [INFO] MicroXplorer:498 - Change Database Version : DB.6.0.121
2025-01-20 00:20:37,339 [INFO] McuFinderGlobals:63 - Set McuFinder mode to 2 (CubeIDE integrated)
2025-01-20 00:20:37,348 [INFO] UserAuth:417 - Internet connection configuration mode: 1
2025-01-20 00:20:37,469 [INFO] JxBrowserEngine:152 - Initiate JxBrowser Engine with user profile folder
2025-01-20 00:20:37,650 [INFO] CheckServerUpdateThread:120 - End of CheckServer Thread
2025-01-20 00:20:38,105 [ERROR] LogOutputStream:75 - [STDERR_REDIRECT] 
