2024-12-02 23:17:08,387 [INFO] Activator:176 - 


2024-12-02 23:17:08,395 [INFO] Activator:177 - !SESSION log4j initialized
2024-12-02 23:17:12,110 [INFO] LogOutputStream:77 - [STDOUT_REDIRECT] 
2024-12-02 23:17:14,280 [INFO] ApplicationProperties:184 - Using Application install path: C:\ST\STM32CubeIDE_1.16.1\STM32CubeIDE\plugins\com.st.stm32cube.common.mx_6.12.1.202409122256
2024-12-02 23:17:14,302 [INFO] DbMcusXml:78 - Set database path to: C:\ST\STM32CubeIDE_1.16.1\STM32CubeIDE\plugins\com.st.stm32cube.common.mx_6.12.1.202409122256\\db\/mcu/
2024-12-02 23:17:14,303 [INFO] ApiDb:274 - Set plugin database path to: C:\ST\STM32CubeIDE_1.16.1\STM32CubeIDE\plugins\com.st.stm32cube.common.mx_6.12.1.202409122256\\db\/plugins/boardmanager/
2024-12-02 23:17:14,303 [WARN] ApiDb:259 - Overriding images path with different value:  => C:\ST\STM32CubeIDE_1.16.1\STM32CubeIDE\plugins\com.st.stm32cube.common.mx_6.12.1.202409122256\\db\/plugins/mcufinder/images/
2024-12-02 23:17:14,311 [INFO] ApiDb:250 - Set database path to: C:\Users\Sebastian\.stmcufinder\plugins\mcufinder//mcu/
2024-12-02 23:17:14,312 [INFO] DbMcusAds:125 - Set database path to: C:\Users\Sebastian\.stmcufinder\plugins\mcufinder//mcu/
2024-12-02 23:17:14,315 [INFO] CrossReferenceDbSqlite:203 - Set database path to: C:\Users\Sebastian\.stmcufinder\plugins\mcufinder//mcu/cs/
2024-12-02 23:17:14,455 [INFO] RulesReader:64 - Compatibility file has been processed (297 Rules)
2024-12-02 23:17:14,547 [INFO] DbMcusXml:78 - Set database path to: C:\ST\STM32CubeIDE_1.16.1\STM32CubeIDE\plugins\com.st.stm32cube.common.mx_6.12.1.202409122256\\db\/mcu/
2024-12-02 23:17:14,547 [INFO] ApiDb:274 - Set plugin database path to: C:\ST\STM32CubeIDE_1.16.1\STM32CubeIDE\plugins\com.st.stm32cube.common.mx_6.12.1.202409122256\\db\/plugins/boardmanager/
2024-12-02 23:17:14,548 [INFO] ApiDb:261 - Set plugin images path to: C:\ST\STM32CubeIDE_1.16.1\STM32CubeIDE\plugins\com.st.stm32cube.common.mx_6.12.1.202409122256\\db\/plugins/mcufinder/images/
2024-12-02 23:17:14,548 [WARN] DbFile:41 - Overriding database path with different value: C:\Users\Sebastian\.stmcufinder\plugins\mcufinder/ => C:\Users\Sebastian\.stmcufinder\plugins\mcufinder
2024-12-02 23:17:14,548 [INFO] ApiDb:250 - Set database path to: C:\Users\Sebastian\.stmcufinder\plugins\mcufinder//mcu/
2024-12-02 23:17:14,548 [WARN] DbFile:41 - Overriding database path with different value: C:\Users\Sebastian\.stmcufinder\plugins\mcufinder/ => C:\Users\Sebastian\.stmcufinder\plugins\mcufinder
2024-12-02 23:17:14,548 [INFO] DbMcusAds:125 - Set database path to: C:\Users\Sebastian\.stmcufinder\plugins\mcufinder//mcu/
2024-12-02 23:17:14,548 [WARN] DbFile:41 - Overriding database path with different value: C:\Users\Sebastian\.stmcufinder\plugins\mcufinder/ => C:\Users\Sebastian\.stmcufinder\plugins\mcufinder
2024-12-02 23:17:14,548 [WARN] DbFile:41 - Overriding database path with different value: C:\Users\Sebastian\.stmcufinder\plugins\mcufinder/ => C:\Users\Sebastian\.stmcufinder\plugins\mcufinder
2024-12-02 23:17:14,549 [INFO] CrossReferenceDbSqlite:203 - Set database path to: C:\Users\Sebastian\.stmcufinder\plugins\mcufinder//mcu/cs/
2024-12-02 23:17:14,661 [INFO] MainPanel:268 - HeapMemory: 268435456
2024-12-02 23:17:14,790 [INFO] DbMcusXml:78 - Set database path to: C:\ST\STM32CubeIDE_1.16.1\STM32CubeIDE\plugins\com.st.stm32cube.common.mx_6.12.1.202409122256\\db\/mcu/
2024-12-02 23:17:14,791 [INFO] ApiDb:274 - Set plugin database path to: C:\ST\STM32CubeIDE_1.16.1\STM32CubeIDE\plugins\com.st.stm32cube.common.mx_6.12.1.202409122256\\db\/plugins/boardmanager/
2024-12-02 23:17:14,791 [INFO] ApiDb:261 - Set plugin images path to: C:\ST\STM32CubeIDE_1.16.1\STM32CubeIDE\plugins\com.st.stm32cube.common.mx_6.12.1.202409122256\\db\/plugins/mcufinder/images/
2024-12-02 23:17:14,791 [WARN] DbFile:41 - Overriding database path with different value: C:\Users\Sebastian\.stmcufinder\plugins\mcufinder/ => C:\Users\Sebastian\.stmcufinder\plugins\mcufinder
2024-12-02 23:17:14,791 [INFO] ApiDb:250 - Set database path to: C:\Users\Sebastian\.stmcufinder\plugins\mcufinder//mcu/
2024-12-02 23:17:14,791 [WARN] DbFile:41 - Overriding database path with different value: C:\Users\Sebastian\.stmcufinder\plugins\mcufinder/ => C:\Users\Sebastian\.stmcufinder\plugins\mcufinder
2024-12-02 23:17:14,792 [INFO] DbMcusAds:125 - Set database path to: C:\Users\Sebastian\.stmcufinder\plugins\mcufinder//mcu/
2024-12-02 23:17:14,792 [WARN] DbFile:41 - Overriding database path with different value: C:\Users\Sebastian\.stmcufinder\plugins\mcufinder/ => C:\Users\Sebastian\.stmcufinder\plugins\mcufinder
2024-12-02 23:17:14,792 [WARN] DbFile:41 - Overriding database path with different value: C:\Users\Sebastian\.stmcufinder\plugins\mcufinder/ => C:\Users\Sebastian\.stmcufinder\plugins\mcufinder
2024-12-02 23:17:14,792 [INFO] CrossReferenceDbSqlite:203 - Set database path to: C:\Users\Sebastian\.stmcufinder\plugins\mcufinder//mcu/cs/
2024-12-02 23:17:14,815 [INFO] ApplicationProperties:184 - Using Application install path: C:\ST\STM32CubeIDE_1.16.1\STM32CubeIDE\plugins\com.st.stm32cube.common.mx_6.12.1.202409122256
2024-12-02 23:17:14,818 [INFO] PluginManage:196 - Search for loadable plugins [exclusion list=, ]
2024-12-02 23:17:14,819 [INFO] PluginManage:310 - Check plugin analytics
2024-12-02 23:17:15,017 [INFO] AnalyticsPlugin:253 - Accepted Software Licenses: 
2024-12-02 23:17:15,017 [INFO] AnalyticsPlugin:255 - Accepted CMSIS Pack Licenses: 
2024-12-02 23:17:15,018 [INFO] AnalyticsPlugin:257 - Accepted Firmware Licenses: FW.L4.1.18.0
2024-12-02 23:17:15,021 [INFO] PluginManage:359 - Loaded plugin analytics (category:tool,tabindex:-1)
2024-12-02 23:17:15,021 [INFO] PluginManage:310 - Check plugin cadmodel
2024-12-02 23:17:15,027 [INFO] CADModel:105 - Init CAD model plugin
2024-12-02 23:17:15,027 [INFO] PluginManage:359 - Loaded plugin cadmodel (category:power,tabindex:5)
2024-12-02 23:17:15,028 [INFO] PluginManage:310 - Check plugin clock
2024-12-02 23:17:15,038 [INFO] PluginManage:359 - Loaded plugin clock (category:base,tabindex:2)
2024-12-02 23:17:15,038 [INFO] PluginManage:310 - Check plugin ddr
2024-12-02 23:17:15,042 [INFO] PluginManage:359 - Loaded plugin ddr (category:tool,tabindex:6)
2024-12-02 23:17:15,042 [INFO] PluginManage:310 - Check plugin filemanager
2024-12-02 23:17:15,222 [INFO] PluginManage:359 - Loaded plugin filemanager (category:base,tabindex:10)
2024-12-02 23:17:15,222 [INFO] PluginManage:310 - Check plugin ipmanager
2024-12-02 23:17:15,230 [INFO] PluginManage:359 - Loaded plugin ipmanager (category:base,tabindex:5)
2024-12-02 23:17:15,231 [INFO] PluginManage:310 - Check plugin lpbam
2024-12-02 23:17:15,241 [INFO] PluginManage:359 - Loaded plugin lpbam (category:base,tabindex:0)
2024-12-02 23:17:15,241 [INFO] PluginManage:310 - Check plugin memorymap
2024-12-02 23:17:15,255 [INFO] PluginManage:359 - Loaded plugin memorymap (category:base,tabindex:4)
2024-12-02 23:17:15,255 [INFO] PluginManage:310 - Check plugin pinoutandconfiguration
2024-12-02 23:17:15,263 [INFO] PluginManage:359 - Loaded plugin pinoutandconfiguration (category:base,tabindex:1)
2024-12-02 23:17:15,263 [INFO] PluginManage:310 - Check plugin pinoutconfig
2024-12-02 23:17:15,368 [WARN] SupportedApi:132 - Cannot load RTOS API schema: s4s-elt-must-match.1: The content of 'definitions' must match (annotation?, (simpleType | complexType)?, (unique | key | keyref)*)). A problem was found starting at: attribute.
2024-12-02 23:17:15,604 [INFO] PluginManage:359 - Loaded plugin pinoutconfig (category:base,tabindex:0)
2024-12-02 23:17:15,604 [INFO] PluginManage:310 - Check plugin power
2024-12-02 23:17:15,615 [INFO] PluginManage:359 - Loaded plugin power (category:power,tabindex:4)
2024-12-02 23:17:15,615 [INFO] PluginManage:310 - Check plugin projectmanager
2024-12-02 23:17:15,637 [INFO] PluginManage:359 - Loaded plugin projectmanager (category:projectmanager,tabindex:4)
2024-12-02 23:17:15,637 [INFO] PluginManage:310 - Check plugin rif
2024-12-02 23:17:15,644 [INFO] PluginManage:359 - Loaded plugin rif (category:base,tabindex:3)
2024-12-02 23:17:15,644 [INFO] PluginManage:310 - Check plugin thirdparty
2024-12-02 23:17:15,839 [INFO] PluginManage:359 - Loaded plugin thirdparty (category:base,tabindex:-1)
2024-12-02 23:17:15,839 [INFO] PluginManage:310 - Check plugin tools
2024-12-02 23:17:15,839 [WARN] IntegrityCheckThread:84 - waiting for thirdparty lock release [integrity check]
2024-12-02 23:17:15,840 [INFO] IntegrityCheckThread:86 - entering critical section [integrity check]
2024-12-02 23:17:15,841 [INFO] ThirdPartyUpdaterWithRetryManager:70 - Updater plugin not ready yet. [1/15]
2024-12-02 23:17:15,844 [INFO] PluginManage:359 - Loaded plugin tools (category:base,tabindex:7)
2024-12-02 23:17:15,844 [INFO] PluginManage:310 - Check plugin tutovideos
2024-12-02 23:17:16,099 [INFO] PluginManage:359 - Loaded plugin tutovideos (category:base,tabindex:-1)
2024-12-02 23:17:16,100 [INFO] PluginManage:310 - Check plugin updater
2024-12-02 23:17:16,125 [INFO] PluginManage:359 - Loaded plugin updater (category:base,tabindex:12)
2024-12-02 23:17:16,125 [INFO] PluginManage:310 - Check plugin userauth
2024-12-02 23:17:16,132 [INFO] UserAuth:113 - Init User Auth plugin
2024-12-02 23:17:16,132 [INFO] PluginManage:359 - Loaded plugin userauth (category:base,tabindex:14)
2024-12-02 23:17:16,134 [INFO] PluginManage:283 - PluginManage : Loaded plugins [18]
2024-12-02 23:17:16,464 [INFO] PinOutPanel:1561 - setPackage(No Configuration,No Configuration)
2024-12-02 23:17:16,651 [INFO] CADModel:165 - CPN selected for project level
2024-12-02 23:17:16,652 [INFO] CADModel:114 - Register for checkConnection events
2024-12-02 23:17:16,672 [INFO] IPUIPlugin:80 - create IPUIPlugin
2024-12-02 23:17:16,673 [INFO] PluginManager:220 - loadIPPluginJar : add adc
2024-12-02 23:17:16,675 [INFO] IPUIPlugin:80 - create IPUIPlugin
2024-12-02 23:17:16,676 [INFO] PluginManager:220 - loadIPPluginJar : add aes
2024-12-02 23:17:16,678 [INFO] IPUIPlugin:80 - create IPUIPlugin
2024-12-02 23:17:16,678 [INFO] PluginManager:220 - loadIPPluginJar : add can
2024-12-02 23:17:16,680 [INFO] IPUIPlugin:80 - create IPUIPlugin
2024-12-02 23:17:16,680 [INFO] PluginManager:220 - loadIPPluginJar : add comp
2024-12-02 23:17:16,683 [INFO] IPUIPlugin:80 - create IPUIPlugin
2024-12-02 23:17:16,683 [INFO] PluginManager:220 - loadIPPluginJar : add cryp
2024-12-02 23:17:16,687 [INFO] IPUIPlugin:80 - create IPUIPlugin
2024-12-02 23:17:16,687 [INFO] PluginManager:220 - loadIPPluginJar : add ddr_ctrl_phy
2024-12-02 23:17:16,689 [INFO] IPUIPlugin:80 - create IPUIPlugin
2024-12-02 23:17:16,689 [INFO] PluginManager:220 - loadIPPluginJar : add dfsdm
2024-12-02 23:17:16,695 [INFO] IPUIPlugin:80 - create IPUIPlugin
2024-12-02 23:17:16,696 [INFO] PluginManager:220 - loadIPPluginJar : add dma
2024-12-02 23:17:16,699 [INFO] IPUIPlugin:80 - create IPUIPlugin
2024-12-02 23:17:16,699 [INFO] PluginManager:220 - loadIPPluginJar : add dma3
2024-12-02 23:17:16,702 [INFO] IPUIPlugin:80 - create IPUIPlugin
2024-12-02 23:17:16,703 [INFO] PluginManager:220 - loadIPPluginJar : add extmemmanager
2024-12-02 23:17:16,704 [INFO] IPUIPlugin:80 - create IPUIPlugin
2024-12-02 23:17:16,704 [INFO] PluginManager:220 - loadIPPluginJar : add fatfs
2024-12-02 23:17:16,709 [INFO] IPUIPlugin:80 - create IPUIPlugin
2024-12-02 23:17:16,709 [INFO] PluginManager:220 - loadIPPluginJar : add fmc
2024-12-02 23:17:16,716 [INFO] IPUIPlugin:80 - create IPUIPlugin
2024-12-02 23:17:16,716 [INFO] PluginManager:220 - loadIPPluginJar : add freertos
2024-12-02 23:17:16,718 [INFO] IPUIPlugin:80 - create IPUIPlugin
2024-12-02 23:17:16,718 [INFO] PluginManager:220 - loadIPPluginJar : add genericplugin
2024-12-02 23:17:16,721 [INFO] IPUIPlugin:80 - create IPUIPlugin
2024-12-02 23:17:16,721 [INFO] PluginManager:220 - loadIPPluginJar : add gfxmmu
2024-12-02 23:17:16,725 [INFO] IPUIPlugin:80 - create IPUIPlugin
2024-12-02 23:17:16,725 [INFO] PluginManager:220 - loadIPPluginJar : add gic
2024-12-02 23:17:16,730 [INFO] IPUIPlugin:80 - create IPUIPlugin
2024-12-02 23:17:16,730 [INFO] PluginManager:220 - loadIPPluginJar : add gpio
2024-12-02 23:17:16,732 [INFO] IPUIPlugin:80 - create IPUIPlugin
2024-12-02 23:17:16,733 [INFO] PluginManager:220 - loadIPPluginJar : add gtzc
2024-12-02 23:17:16,735 [INFO] IPUIPlugin:80 - create IPUIPlugin
2024-12-02 23:17:16,735 [INFO] PluginManager:220 - loadIPPluginJar : add hash
2024-12-02 23:17:16,737 [INFO] IPUIPlugin:80 - create IPUIPlugin
2024-12-02 23:17:16,737 [INFO] PluginManager:220 - loadIPPluginJar : add i2c
2024-12-02 23:17:16,740 [INFO] IPUIPlugin:80 - create IPUIPlugin
2024-12-02 23:17:16,740 [INFO] PluginManager:220 - loadIPPluginJar : add i2s
2024-12-02 23:17:16,742 [INFO] IPUIPlugin:80 - create IPUIPlugin
2024-12-02 23:17:16,743 [INFO] PluginManager:220 - loadIPPluginJar : add i3c
2024-12-02 23:17:16,746 [INFO] IPUIPlugin:80 - create IPUIPlugin
2024-12-02 23:17:16,746 [INFO] PluginManager:220 - loadIPPluginJar : add ipddr
2024-12-02 23:17:16,754 [INFO] IPUIPlugin:80 - create IPUIPlugin
2024-12-02 23:17:16,754 [INFO] PluginManager:220 - loadIPPluginJar : add linkedlist
2024-12-02 23:17:16,757 [INFO] IPUIPlugin:80 - create IPUIPlugin
2024-12-02 23:17:16,757 [INFO] PluginManager:220 - loadIPPluginJar : add lorawan
2024-12-02 23:17:16,759 [INFO] IPUIPlugin:80 - create IPUIPlugin
2024-12-02 23:17:16,759 [INFO] PluginManager:220 - loadIPPluginJar : add ltdc
2024-12-02 23:17:16,764 [INFO] IPUIPlugin:80 - create IPUIPlugin
2024-12-02 23:17:16,764 [INFO] PluginManager:220 - loadIPPluginJar : add mdma
2024-12-02 23:17:16,768 [INFO] IPUIPlugin:80 - create IPUIPlugin
2024-12-02 23:17:16,768 [INFO] PluginManager:220 - loadIPPluginJar : add nvic
2024-12-02 23:17:16,771 [INFO] IPUIPlugin:80 - create IPUIPlugin
2024-12-02 23:17:16,771 [INFO] PluginManager:220 - loadIPPluginJar : add opamp
2024-12-02 23:17:16,774 [INFO] IPUIPlugin:80 - create IPUIPlugin
2024-12-02 23:17:16,774 [INFO] PluginManager:220 - loadIPPluginJar : add openamp
2024-12-02 23:17:16,776 [INFO] IPUIPlugin:80 - create IPUIPlugin
2024-12-02 23:17:16,777 [INFO] PluginManager:220 - loadIPPluginJar : add pdm2pcm
2024-12-02 23:17:16,782 [INFO] IPUIPlugin:80 - create IPUIPlugin
2024-12-02 23:17:16,785 [INFO] PluginManager:220 - loadIPPluginJar : add plateformsettings
2024-12-02 23:17:16,786 [INFO] IPUIPlugin:80 - create IPUIPlugin
2024-12-02 23:17:16,787 [INFO] PluginManager:220 - loadIPPluginJar : add quadspi
2024-12-02 23:17:16,788 [INFO] IPUIPlugin:80 - create IPUIPlugin
2024-12-02 23:17:16,789 [INFO] PluginManager:220 - loadIPPluginJar : add radio
2024-12-02 23:17:16,792 [INFO] IPUIPlugin:80 - create IPUIPlugin
2024-12-02 23:17:16,792 [INFO] PluginManager:220 - loadIPPluginJar : add resmgrutility
2024-12-02 23:17:16,795 [INFO] IPUIPlugin:80 - create IPUIPlugin
2024-12-02 23:17:16,795 [INFO] PluginManager:220 - loadIPPluginJar : add sai
2024-12-02 23:17:16,797 [INFO] IPUIPlugin:80 - create IPUIPlugin
2024-12-02 23:17:16,797 [INFO] PluginManager:220 - loadIPPluginJar : add spi
2024-12-02 23:17:16,803 [INFO] IPUIPlugin:80 - create IPUIPlugin
2024-12-02 23:17:16,803 [INFO] PluginManager:220 - loadIPPluginJar : add stm32_wpan
2024-12-02 23:17:16,805 [INFO] IPUIPlugin:80 - create IPUIPlugin
2024-12-02 23:17:16,805 [INFO] PluginManager:220 - loadIPPluginJar : add tim
2024-12-02 23:17:16,808 [INFO] IPUIPlugin:80 - create IPUIPlugin
2024-12-02 23:17:16,808 [INFO] PluginManager:220 - loadIPPluginJar : add touchsensing
2024-12-02 23:17:16,811 [INFO] IPUIPlugin:80 - create IPUIPlugin
2024-12-02 23:17:16,811 [INFO] PluginManager:220 - loadIPPluginJar : add tracer_emb
2024-12-02 23:17:16,814 [INFO] IPUIPlugin:80 - create IPUIPlugin
2024-12-02 23:17:16,814 [INFO] PluginManager:220 - loadIPPluginJar : add ts
2024-12-02 23:17:16,816 [INFO] IPUIPlugin:80 - create IPUIPlugin
2024-12-02 23:17:16,816 [INFO] PluginManager:220 - loadIPPluginJar : add tsc
2024-12-02 23:17:16,818 [INFO] IPUIPlugin:80 - create IPUIPlugin
2024-12-02 23:17:16,818 [INFO] PluginManager:220 - loadIPPluginJar : add ucpd
2024-12-02 23:17:16,820 [INFO] IPUIPlugin:80 - create IPUIPlugin
2024-12-02 23:17:16,820 [INFO] PluginManager:220 - loadIPPluginJar : add usart
2024-12-02 23:17:16,823 [INFO] IPUIPlugin:80 - create IPUIPlugin
2024-12-02 23:17:16,823 [INFO] PluginManager:220 - loadIPPluginJar : add usbx
2024-12-02 23:17:16,957 [INFO] CADModel:165 - CPN selected for project level
2024-12-02 23:17:16,957 [INFO] CADModel:114 - Register for checkConnection events
2024-12-02 23:17:16,958 [FATAL] Updater:334 - Updater called before beeing initialized
2024-12-02 23:17:16,958 [ERROR] CADModel:125 - Updater not yet initialized, retry later 
2024-12-02 23:17:17,123 [INFO] CADModel:165 - CPN selected for project level
2024-12-02 23:17:17,124 [INFO] CADModel:114 - Register for checkConnection events
2024-12-02 23:17:17,124 [FATAL] Updater:334 - Updater called before beeing initialized
2024-12-02 23:17:17,124 [ERROR] CADModel:125 - Updater not yet initialized, retry later 
2024-12-02 23:17:17,127 [FATAL] Updater:334 - Updater called before beeing initialized
2024-12-02 23:17:17,258 [FATAL] Updater:334 - Updater called before beeing initialized
2024-12-02 23:17:17,262 [INFO] DbMcusAds:53 - JSON generation date=Fri Sep 20 15:04:23 CEST 2024 (1726837463121)
2024-12-02 23:17:17,262 [FATAL] Updater:334 - Updater called before beeing initialized
2024-12-02 23:17:17,307 [WARN] DetailPanel:346 - Failed to get advertising image, set to default
2024-12-02 23:17:17,425 [FATAL] Updater:334 - Updater called before beeing initialized
2024-12-02 23:17:17,428 [FATAL] Updater:334 - Updater called before beeing initialized
2024-12-02 23:17:17,428 [FATAL] Updater:334 - Updater called before beeing initialized
2024-12-02 23:17:17,428 [WARN] DetailPanel:346 - Failed to get advertising image, set to default
2024-12-02 23:17:17,429 [FATAL] Updater:334 - Updater called before beeing initialized
2024-12-02 23:17:17,483 [ERROR] Updater:1164 - MainUpdater not yet initialized. External WinMGr cannot be set.
2024-12-02 23:17:17,486 [INFO] Updater:1100 - Updater Version found : 6.12.1
2024-12-02 23:17:17,513 [INFO] ApplicationProperties:184 - Using Application install path: C:\ST\STM32CubeIDE_1.16.1\STM32CubeIDE\plugins\com.st.stm32cube.common.mx_6.12.1.202409122256
2024-12-02 23:17:17,873 [INFO] MainUpdater:2873 - connection check result : 10
2024-12-02 23:17:17,875 [INFO] MainUpdater:290 - Updater Check For Update Now.
2024-12-02 23:17:17,875 [INFO] MicroXplorer:498 - Change Database Version : DB.6.0.121
2024-12-02 23:17:17,887 [INFO] McuFinderGlobals:63 - Set McuFinder mode to 2 (CubeIDE integrated)
2024-12-02 23:17:17,888 [INFO] UserAuth:417 - Internet connection configuration mode: 1
2024-12-02 23:17:17,926 [INFO] JxBrowserEngine:152 - Initiate JxBrowser Engine with user profile folder
2024-12-02 23:17:18,101 [INFO] CheckServerUpdateThread:120 - End of CheckServer Thread
2024-12-02 23:17:18,741 [INFO] WebApp:167 - Instantiating new browser for Auth
2024-12-02 23:17:19,115 [WARN] PackLoader:240 - Cannot read IP mode file for STMicroelectronics.FP-SNS-MOTENVWB1.1.4.0
2024-12-02 23:17:19,126 [WARN] PackLoader:240 - Cannot read IP mode file for STMicroelectronics.FP-ATR-ASTRA1.2.0.1
2024-12-02 23:17:19,140 [WARN] PackLoader:240 - Cannot read IP mode file for STMicroelectronics.X-CUBE-SMBUS.2.1.0
2024-12-02 23:17:19,151 [WARN] PackLoader:240 - Cannot read IP mode file for STMicroelectronics.X-CUBE-WB05N.1.1.0
2024-12-02 23:17:19,193 [WARN] PackLoader:240 - Cannot read IP mode file for STMicroelectronics.X-CUBE-AZRTOS-F7.1.1.0
2024-12-02 23:17:19,297 [WARN] PackLoader:240 - Cannot read IP mode file for STMicroelectronics.X-CUBE-MEMS1.11.0.0
2024-12-02 23:17:19,539 [WARN] PackLoader:240 - Cannot read IP mode file for STMicroelectronics.FP-SNS-FLIGHT1.5.0.2
2024-12-02 23:17:19,549 [WARN] PackLoader:240 - Cannot read IP mode file for STMicroelectronics.X-CUBE-DISPLAY.3.0.0
2024-12-02 23:17:19,561 [WARN] PackLoader:240 - Cannot read IP mode file for STMicroelectronics.X-CUBE-BLE1.7.0.0
2024-12-02 23:17:19,574 [WARN] PackLoader:240 - Cannot read IP mode file for STMicroelectronics.X-CUBE-NFC10.1.0.0
2024-12-02 23:17:19,584 [WARN] PackLoader:240 - Cannot read IP mode file for emotas.I-CUBE-CANOPEN.1.3.0
2024-12-02 23:17:19,596 [WARN] PackLoader:240 - Cannot read IP mode file for STMicroelectronics.X-CUBE-BLEMGR.3.1.0
2024-12-02 23:17:19,605 [WARN] PackLoader:240 - Cannot read IP mode file for STMicroelectronics.FP-SNS-SMARTAG2.1.2.0
2024-12-02 23:17:19,623 [INFO] LogOutputStream:77 - [STDOUT_REDIRECT] 1 : Invalid condition id : UX_CORESTACK_Condition cause : null
2024-12-02 23:17:19,624 [INFO] LogOutputStream:77 - [STDOUT_REDIRECT] 1 : Invalid condition id : UX_CORESTACK_Condition cause : null
2024-12-02 23:17:19,625 [INFO] LogOutputStream:77 - [STDOUT_REDIRECT] 1 : Invalid condition id : UX_CORESTACK_Condition cause : null
2024-12-02 23:17:19,627 [INFO] LogOutputStream:77 - [STDOUT_REDIRECT] 1 : Invalid condition id : UX_CORESTACK_Condition cause : null
2024-12-02 23:17:19,628 [INFO] LogOutputStream:77 - [STDOUT_REDIRECT] 1 : Invalid condition id : UX_CORESTACK_Condition cause : null
2024-12-02 23:17:19,632 [WARN] PackLoader:240 - Cannot read IP mode file for STMicroelectronics.X-CUBE-AZRTOS-WL.2.0.0
2024-12-02 23:17:19,641 [WARN] PackLoader:240 - Cannot read IP mode file for STMicroelectronics.FP-SNS-MOTENV1.5.0.0
2024-12-02 23:17:19,649 [WARN] PackLoader:240 - Cannot read IP mode file for wolfSSL.I-CUBE-wolfMQTT.1.19.0
2024-12-02 23:17:19,659 [WARN] PackLoader:240 - Cannot read IP mode file for WES.I-CUBE-Cesium.1.3.0
2024-12-02 23:17:19,665 [WARN] PackLoader:240 - Cannot read IP mode file for STMicroelectronics.X-CUBE-BLE2.3.3.0
2024-12-02 23:17:19,674 [WARN] PackLoader:240 - Cannot read IP mode file for STMicroelectronics.X-CUBE-NFC9.1.0.0
2024-12-02 23:17:19,683 [WARN] PackLoader:240 - Cannot read IP mode file for STMicroelectronics.X-CUBE-TCPP.4.1.0
2024-12-02 23:17:19,704 [WARN] PackLoader:240 - Cannot read IP mode file for STMicroelectronics.X-CUBE-AZRTOS-G0.1.1.0
2024-12-02 23:17:19,715 [WARN] PackLoader:240 - Cannot read IP mode file for STMicroelectronics.X-CUBE-SAFEA1.1.2.2
2024-12-02 23:17:19,724 [WARN] PackLoader:240 - Cannot read IP mode file for STMicroelectronics.X-CUBE-NFC4.3.0.0
2024-12-02 23:17:19,736 [WARN] PackLoader:240 - Cannot read IP mode file for EmbeddedOffice.I-CUBE-FS-RTOS.1.0.1
2024-12-02 23:17:19,736 [ERROR] ConditionMgr:805 - Attr not supported : Dmpu
2024-12-02 23:17:19,736 [ERROR] ConditionMgr:805 - Attr not supported : Dmpu
2024-12-02 23:17:19,736 [ERROR] ConditionMgr:805 - Attr not supported : Dmpu
2024-12-02 23:17:19,736 [ERROR] ConditionMgr:805 - Attr not supported : Dmpu
2024-12-02 23:17:19,737 [ERROR] ConditionMgr:805 - Attr not supported : Dmpu
2024-12-02 23:17:19,737 [ERROR] ConditionMgr:805 - Attr not supported : Dmpu
2024-12-02 23:17:19,737 [ERROR] ConditionMgr:805 - Attr not supported : Dmpu
2024-12-02 23:17:19,737 [ERROR] ConditionMgr:805 - Attr not supported : Dmpu
2024-12-02 23:17:19,737 [ERROR] ConditionMgr:805 - Attr not supported : Dmpu
2024-12-02 23:17:19,737 [ERROR] ConditionMgr:805 - Attr not supported : Dmpu
2024-12-02 23:17:19,737 [ERROR] ConditionMgr:805 - Attr not supported : Dmpu
2024-12-02 23:17:19,737 [ERROR] ConditionMgr:805 - Attr not supported : Dmpu
2024-12-02 23:17:19,737 [ERROR] ConditionMgr:805 - Attr not supported : Dmpu
2024-12-02 23:17:19,737 [ERROR] ConditionMgr:805 - Attr not supported : Dmpu
2024-12-02 23:17:19,737 [ERROR] ConditionMgr:805 - Attr not supported : Dmpu
2024-12-02 23:17:19,737 [ERROR] ConditionMgr:805 - Attr not supported : Dmpu
2024-12-02 23:17:19,737 [ERROR] ConditionMgr:805 - Attr not supported : Dmpu
2024-12-02 23:17:19,737 [ERROR] ConditionMgr:805 - Attr not supported : Dmpu
2024-12-02 23:17:19,738 [ERROR] ConditionMgr:805 - Attr not supported : Dmpu
2024-12-02 23:17:19,738 [ERROR] ConditionMgr:805 - Attr not supported : Dmpu
2024-12-02 23:17:19,738 [ERROR] ConditionMgr:805 - Attr not supported : Dmpu
2024-12-02 23:17:19,738 [ERROR] ConditionMgr:805 - Attr not supported : Dmpu
2024-12-02 23:17:19,738 [ERROR] ConditionMgr:805 - Attr not supported : Dmpu
2024-12-02 23:17:19,738 [ERROR] ConditionMgr:805 - Attr not supported : Dmpu
2024-12-02 23:17:19,738 [ERROR] ConditionMgr:805 - Attr not supported : Dmpu
2024-12-02 23:17:19,738 [ERROR] ConditionMgr:805 - Attr not supported : Dmpu
2024-12-02 23:17:19,738 [ERROR] ConditionMgr:805 - Attr not supported : Dmpu
2024-12-02 23:17:19,738 [ERROR] ConditionMgr:805 - Attr not supported : Dmpu
2024-12-02 23:17:19,738 [ERROR] ConditionMgr:805 - Attr not supported : Dmpu
2024-12-02 23:17:19,738 [ERROR] ConditionMgr:805 - Attr not supported : Dmpu
2024-12-02 23:17:19,738 [ERROR] ConditionMgr:805 - Attr not supported : Dmpu
2024-12-02 23:17:19,739 [ERROR] ConditionMgr:805 - Attr not supported : Dmpu
2024-12-02 23:17:19,739 [ERROR] ConditionMgr:805 - Attr not supported : Dmpu
2024-12-02 23:17:19,739 [ERROR] ConditionMgr:805 - Attr not supported : Dmpu
2024-12-02 23:17:19,739 [ERROR] ConditionMgr:805 - Attr not supported : Dmpu
2024-12-02 23:17:19,739 [ERROR] ConditionMgr:805 - Attr not supported : Dmpu
2024-12-02 23:17:19,739 [ERROR] ConditionMgr:805 - Attr not supported : Dmpu
2024-12-02 23:17:19,739 [ERROR] ConditionMgr:805 - Attr not supported : Dmpu
2024-12-02 23:17:19,739 [ERROR] ConditionMgr:805 - Attr not supported : Dmpu
2024-12-02 23:17:19,739 [ERROR] ConditionMgr:805 - Attr not supported : Dmpu
2024-12-02 23:17:19,739 [ERROR] ConditionMgr:805 - Attr not supported : Dmpu
2024-12-02 23:17:19,739 [ERROR] ConditionMgr:805 - Attr not supported : Dmpu
2024-12-02 23:17:19,740 [ERROR] ConditionMgr:805 - Attr not supported : Dmpu
2024-12-02 23:17:19,740 [ERROR] ConditionMgr:805 - Attr not supported : Dmpu
2024-12-02 23:17:19,740 [ERROR] ConditionMgr:805 - Attr not supported : Dmpu
2024-12-02 23:17:19,740 [ERROR] ConditionMgr:805 - Attr not supported : Dmpu
2024-12-02 23:17:19,740 [ERROR] ConditionMgr:805 - Attr not supported : Dmpu
2024-12-02 23:17:19,740 [ERROR] ConditionMgr:805 - Attr not supported : Dmpu
2024-12-02 23:17:19,740 [ERROR] ConditionMgr:805 - Attr not supported : Dmpu
2024-12-02 23:17:19,740 [ERROR] ConditionMgr:805 - Attr not supported : Dmpu
2024-12-02 23:17:19,740 [ERROR] ConditionMgr:805 - Attr not supported : Dmpu
2024-12-02 23:17:19,740 [ERROR] ConditionMgr:805 - Attr not supported : Dmpu
2024-12-02 23:17:19,740 [ERROR] ConditionMgr:805 - Attr not supported : Dmpu
2024-12-02 23:17:19,740 [ERROR] ConditionMgr:805 - Attr not supported : Dmpu
2024-12-02 23:17:19,740 [ERROR] ConditionMgr:805 - Attr not supported : Dmpu
2024-12-02 23:17:19,740 [ERROR] ConditionMgr:805 - Attr not supported : Dmpu
2024-12-02 23:17:19,740 [ERROR] ConditionMgr:805 - Attr not supported : Dmpu
2024-12-02 23:17:19,740 [ERROR] ConditionMgr:805 - Attr not supported : Dmpu
2024-12-02 23:17:19,740 [ERROR] ConditionMgr:805 - Attr not supported : Dmpu
2024-12-02 23:17:19,740 [ERROR] ConditionMgr:805 - Attr not supported : Dmpu
2024-12-02 23:17:19,741 [ERROR] ConditionMgr:805 - Attr not supported : Dmpu
2024-12-02 23:17:19,741 [ERROR] ConditionMgr:805 - Attr not supported : Dmpu
2024-12-02 23:17:19,741 [ERROR] ConditionMgr:805 - Attr not supported : Dmpu
2024-12-02 23:17:19,741 [ERROR] ConditionMgr:805 - Attr not supported : Dmpu
2024-12-02 23:17:19,746 [WARN] PackLoader:240 - Cannot read IP mode file for RealThread.X-CUBE-RT-Thread_Nano.4.1.1
2024-12-02 23:17:19,752 [WARN] PackLoader:240 - Cannot read IP mode file for STMicroelectronics.FP-ATR-SIGFOX1.3.2.0
2024-12-02 23:17:19,757 [WARN] PackLoader:240 - Cannot read IP mode file for wolfSSL.I-CUBE-wolfSSL.5.7.2
2024-12-02 23:17:19,764 [WARN] ConditionMgr:438 - getConditionDescription Invalid condition id : Cortex-A Device cause : null
2024-12-02 23:17:19,805 [WARN] ConditionMgr:1039 - genDependencies : Invalid condition id : Cortex-A Device cause : null
2024-12-02 23:17:19,805 [WARN] ConditionMgr:1039 - genDependencies : Invalid condition id : Cortex-A Device cause : null
2024-12-02 23:17:19,806 [WARN] ConditionMgr:1039 - genDependencies : Invalid condition id : Cortex-A Device cause : null
2024-12-02 23:17:19,814 [WARN] PackLoader:240 - Cannot read IP mode file for STMicroelectronics.X-CUBE-EEPRMA1.5.1.0
2024-12-02 23:17:19,836 [WARN] PackLoader:240 - Cannot read IP mode file for ITTIA_DB.I-CUBE-ITTIADB.8.9.0
2024-12-02 23:17:19,883 [WARN] PackLoader:240 - Cannot read IP mode file for SEGGER.I-CUBE-embOS.1.3.1
2024-12-02 23:17:19,956 [WARN] PackLoader:240 - Cannot read IP mode file for STMicroelectronics.X-CUBE-ALGOBUILD.1.4.0
2024-12-02 23:17:19,962 [WARN] PackLoader:240 - Cannot read IP mode file for STMicroelectronics.X-CUBE-AI.9.1.0
2024-12-02 23:17:19,984 [WARN] PackLoader:240 - Cannot read IP mode file for STMicroelectronics.X-CUBE-AZRTOS-F4.1.1.0
2024-12-02 23:17:20,002 [WARN] PackLoader:240 - Cannot read IP mode file for STMicroelectronics.X-CUBE-ISPU.2.1.0
2024-12-02 23:17:20,012 [WARN] PackLoader:240 - Cannot read IP mode file for STMicroelectronics.X-CUBE-FREERTOS.1.2.0
2024-12-02 23:17:20,038 [WARN] PackLoader:240 - Cannot read IP mode file for STMicroelectronics.X-CUBE-AZRTOS-L5.2.0.0
2024-12-02 23:17:20,058 [WARN] PackLoader:240 - Cannot read IP mode file for STMicroelectronics.X-CUBE-NFC6.3.1.0
2024-12-02 23:17:20,068 [WARN] PackLoader:240 - Cannot read IP mode file for STMicroelectronics.X-CUBE-DPower.1.2.0
2024-12-02 23:17:20,077 [WARN] PackLoader:240 - Cannot read IP mode file for STMicroelectronics.X-CUBE-NFC7.1.0.1
2024-12-02 23:17:20,101 [WARN] ConditionMgr:438 - getConditionDescription Invalid condition id : LAN8742 Phy interface Condition cause : null
2024-12-02 23:17:20,102 [WARN] PackLoader:240 - Cannot read IP mode file for STMicroelectronics.X-CUBE-AZRTOS-L4.2.0.0
2024-12-02 23:17:20,103 [WARN] ConditionMgr:1039 - genDependencies : Invalid condition id : LAN8742 Phy interface Condition cause : null
2024-12-02 23:17:20,103 [WARN] ConditionMgr:1039 - genDependencies : Invalid condition id : LAN8742 Phy interface Condition cause : null
2024-12-02 23:17:20,104 [WARN] ConditionMgr:1039 - genDependencies : Invalid condition id : LAN8742 Phy interface Condition cause : null
2024-12-02 23:17:20,116 [WARN] PackLoader:240 - Cannot read IP mode file for STMicroelectronics.X-CUBE-SFXS2LP1.4.0.0
2024-12-02 23:17:20,147 [WARN] PackLoader:240 - Cannot read IP mode file for STMicroelectronics.X-CUBE-AZRTOS-H7.3.3.0
2024-12-02 23:17:20,165 [WARN] PackLoader:240 - Cannot read IP mode file for STMicroelectronics.X-CUBE-IPS.3.0.0
2024-12-02 23:17:20,168 [INFO] WebApp:448 - Apply proxy settings
2024-12-02 23:17:20,169 [INFO] WebApp:533 - Chromium requires no authentication
2024-12-02 23:17:20,187 [WARN] ConditionMgr:438 - getConditionDescription Invalid condition id : UX DEVICE CLASS RTOS Condition cause : null
2024-12-02 23:17:20,187 [WARN] ConditionMgr:438 - getConditionDescription Invalid condition id : UX DEVICE CLASS RTOS Condition cause : null
2024-12-02 23:17:20,190 [WARN] PackLoader:240 - Cannot read IP mode file for STMicroelectronics.X-CUBE-AZRTOS-WB.2.0.0
2024-12-02 23:17:20,191 [WARN] ConditionMgr:1039 - genDependencies : Invalid condition id : UX DEVICE CLASS RTOS Condition cause : null
2024-12-02 23:17:20,191 [WARN] ConditionMgr:1039 - genDependencies : Invalid condition id : UX DEVICE CLASS RTOS Condition cause : null
2024-12-02 23:17:20,191 [WARN] ConditionMgr:1039 - genDependencies : Invalid condition id : UX DEVICE CLASS RTOS Condition cause : null
2024-12-02 23:17:20,192 [WARN] ConditionMgr:1039 - genDependencies : Invalid condition id : UX DEVICE CLASS RTOS Condition cause : null
2024-12-02 23:17:20,192 [WARN] ConditionMgr:1039 - genDependencies : Invalid condition id : UX DEVICE CLASS RTOS Condition cause : null
2024-12-02 23:17:20,192 [INFO] WebApp:476 - Direct internet connection detected
2024-12-02 23:17:20,202 [WARN] PackLoader:240 - Cannot read IP mode file for STMicroelectronics.X-CUBE-GNSS1.7.0.0
2024-12-02 23:17:20,211 [WARN] PackLoader:240 - Cannot read IP mode file for STMicroelectronics.FP-SNS-STBOX1.2.0.0
2024-12-02 23:17:20,228 [WARN] PackLoader:240 - Cannot read IP mode file for STMicroelectronics.X-CUBE-SUBG2.5.0.0
2024-12-02 23:17:20,238 [WARN] PackLoader:240 - Cannot read IP mode file for Cesanta.I-CUBE-Mongoose.7.13.0
2024-12-02 23:17:20,254 [WARN] PackLoader:240 - Cannot read IP mode file for STMicroelectronics.X-CUBE-AZRTOS-G4.2.0.0
2024-12-02 23:17:20,260 [WARN] PackLoader:240 - Cannot read IP mode file for STMicroelectronics.X-CUBE-ALS.1.0.2
2024-12-02 23:17:20,267 [WARN] PackLoader:240 - Cannot read IP mode file for STMicroelectronics.X-CUBE-TOUCHGFX.4.24.1
2024-12-02 23:17:20,271 [WARN] PackLoader:240 - Cannot read IP mode file for wolfSSL.I-CUBE-wolfTPM.3.4.0
2024-12-02 23:17:20,276 [INFO] WebApp:869 - Register for checkConnection events
2024-12-02 23:17:20,276 [INFO] WebApp:448 - Apply proxy settings
2024-12-02 23:17:20,277 [INFO] WebApp:533 - Chromium requires no authentication
2024-12-02 23:17:20,277 [WARN] PackLoader:240 - Cannot read IP mode file for portGmbH.I-Cube-SoM-uGOAL.1.1.0
2024-12-02 23:17:20,279 [INFO] WebApp:476 - Direct internet connection detected
2024-12-02 23:17:20,298 [WARN] PackLoader:240 - Cannot read IP mode file for STMicroelectronics.X-CUBE-AZRTOS-H7RS.1.0.0
2024-12-02 23:17:20,305 [WARN] PackLoader:240 - Cannot read IP mode file for STMicroelectronics.FP-ATR-ASTRA1.2.0.0
2024-12-02 23:17:20,318 [WARN] PackLoader:240 - Cannot read IP mode file for STMicroelectronics.X-CUBE-TOF1.3.4.2
2024-12-02 23:17:20,356 [WARN] PackLoader:240 - Cannot read IP mode file for Infineon.AIROC-Wi-Fi-Bluetooth-STM32.1.6.1
2024-12-02 23:17:20,365 [WARN] PackLoader:240 - Cannot read IP mode file for wolfSSL.I-CUBE-wolfSSH.1.4.17
2024-12-02 23:17:20,365 [INFO] ThirdParty:978 - Integrity check success = true
2024-12-02 23:17:20,365 [INFO] IntegrityCheckThread:100 - exiting critical section [integrity check]
2024-12-02 23:17:20,366 [INFO] IntegrityCheckThread:103 - End integrity checks thread
2024-12-02 23:17:20,588 [INFO] WebApp:220 - Starting web application
2024-12-02 23:17:20,588 [INFO] WebApp:578 - Web application path used C:\ST\STM32CubeIDE_1.16.1\STM32CubeIDE\plugins\com.st.stm32cube.common.mx_6.12.1.202409122256\db\plugins\mcufinder\reactClient1\index.html
2024-12-02 23:17:20,741 [INFO] UserAuth:417 - Internet connection configuration mode: 1
2024-12-02 23:17:20,780 [INFO] WebApp:186 - Connection restablished
